<html>
<head>
<title>TestNG:  Test5</title>
<link href="../testng.css" rel="stylesheet" type="text/css" />
<link href="../my-testng.css" rel="stylesheet" type="text/css" />

<style type="text/css">
.log { display: none;} 
.stack-trace { display: none;} 
</style>
<script type="text/javascript">
<!--
function flip(e) {
  current = e.style.display;
  if (current == 'block') {
    e.style.display = 'none';
    return 0;
  }
  else {
    e.style.display = 'block';
    return 1;
  }
}

function toggleBox(szDivId, elem, msg1, msg2)
{
  var res = -1;  if (document.getElementById) {
    res = flip(document.getElementById(szDivId));
  }
  else if (document.all) {
    // this is the way old msie versions work
    res = flip(document.all[szDivId]);
  }
  if(elem) {
    if(res == 0) elem.innerHTML = msg1; else elem.innerHTML = msg2;
  }

}

function toggleAllBoxes() {
  if (document.getElementsByTagName) {
    d = document.getElementsByTagName('div');
    for (i = 0; i < d.length; i++) {
      if (d[i].className == 'log') {
        flip(d[i]);
      }
    }
  }
}

// -->
</script>

</head>
<body>
<h2 align='center'>Test5</h2><table border='1' align="center">
<tr>
<td>Tests passed/Failed/Skipped:</td><td>4/0/0</td>
</tr><tr>
<td>Started on:</td><td>Mon Aug 29 07:13:06 IST 2022</td>
</tr>
<tr><td>Total time:</td><td>19 seconds (19421 ms)</td>
</tr><tr>
<td>Included groups:</td><td></td>
</tr><tr>
<td>Excluded groups:</td><td></td>
</tr>
</table><p/>
<small><i>(Hover the method name to see the test class name)</i></small><p/>
<table width='100%' border='1' class='invocation-failed'>
<tr><td colspan='4' align='center'><b>FAILED TESTS</b></td></tr>
<tr><td><b>Test method</b></td>
<td width="30%"><b>Exception</b></td>
<td width="10%"><b>Time (seconds)</b></td>
<td><b>Instance</b></td>
</tr>
<tr>
<td title='com.orangehrm.qa.tests.Test_Leave_Page.checkLeaveStatus()'><b>checkLeaveStatus</b><br>Test class: com.orangehrm.qa.tests.Test_Leave_Page</td>
<td><div><pre>org.openqa.selenium.ElementClickInterceptedException: element click intercepted: Element &lt;div class=&quot;oxd-select-text-input&quot; tabindex=&quot;0&quot; data-v-4acd865c=&quot;&quot;&gt;...&lt;/div&gt; is not clickable at point (1015, 9). Other element would receive the click: &lt;div class=&quot;oxd-topbar-header-title&quot; data-v-1c40f28d=&quot;&quot;&gt;...&lt;/div&gt;
  (Session info: chrome=104.0.5112.102)
Build info: version: &apos;3.141.59&apos;, revision: &apos;e82be7d358&apos;, time: &apos;2018-11-14T08:17:03&apos;
System info: host: &apos;LAPTOP-7DB4GVKK&apos;, ip: &apos;192.168.7.201&apos;, os.name: &apos;Windows 10&apos;, os.arch: &apos;amd64&apos;, os.version: &apos;10.0&apos;, java.version: &apos;1.8.0_321&apos;
Driver info: org.openqa.selenium.chrome.ChromeDriver
Capabilities {acceptInsecureCerts: false, browserName: chrome, browserVersion: 104.0.5112.102, chrome: {chromedriverVersion: 104.0.5112.79 (3cf3e8c8a07d..., userDataDir: C:\Users\bhalerao\AppData\L...}, goog:chromeOptions: {debuggerAddress: localhost:52931}, javascriptEnabled: true, networkConnectionEnabled: false, pageLoadStrategy: normal, platform: WINDOWS, platformName: WINDOWS, proxy: Proxy(), setWindowRect: true, strictFileInteractability: false, timeouts: {implicit: 0, pageLoad: 300000, script: 30000}, unhandledPromptBehavior: dismiss and notify, webauthn:extension:credBlob: true, webauthn:extension:largeBlob: true, webauthn:virtualAuthenticators: true}
Session ID: cf3900ca73682a9d363abb87accb7518
	at org.openqa.selenium.remote.http.W3CHttpResponseCodec.createException(W3CHttpResponseCodec.java:187)
	at org.openqa.selenium.remote.http.W3CHttpResponseCodec.decode(W3CHttpResponseCodec.java:122)
	at org.openqa.selenium.remote.http.W3CHttpResponseCodec.decode(W3CHttpResponseCodec.java:49)
	at org.openqa.selenium.remote.HttpCommandExecutor.execute(HttpCommandExecutor.java:158)
	at org.openqa.selenium.remote.service.DriverCommandExecutor.execute(DriverCommandExecutor.java:83)
	at org.openqa.selenium.remote.RemoteWebDriver.execute(RemoteWebDriver.java:552)
	at org.openqa.selenium.remote.RemoteWebElement.execute(RemoteWebElement.java:285)
	at org.openqa.selenium.remote.RemoteWebElement.click(RemoteWebElement.java:84)
	at com.orangeHrm.qa.page.Leave_Page.checksel_Leave_Status(Leave_Page.java:64)
	at com.orangehrm.qa.tests.Test_Leave_Page.checkLeaveStatus(Test_Leave_Page.java:40)
	at java.util.ArrayList.forEach(ArrayList.java:1259)
	at java.util.concurrent.FutureTask.run(FutureTask.java:266)
	at java.util.concurrent.ThreadPoolExecutor.runWorker(ThreadPoolExecutor.java:1149)
	at java.util.concurrent.ThreadPoolExecutor$Worker.run(ThreadPoolExecutor.java:624)
	at java.lang.Thread.run(Thread.java:750)
... Removed 22 stack frames</pre></div><a href='#' onClick='toggleBox("stack-trace251746553", this, "Click to show all stack frames", "Click to hide stack frames")'>Click to show all stack frames</a>
<div class='stack-trace' id='stack-trace251746553'><pre>org.openqa.selenium.ElementClickInterceptedException: element click intercepted: Element &lt;div class=&quot;oxd-select-text-input&quot; tabindex=&quot;0&quot; data-v-4acd865c=&quot;&quot;&gt;...&lt;/div&gt; is not clickable at point (1015, 9). Other element would receive the click: &lt;div class=&quot;oxd-topbar-header-title&quot; data-v-1c40f28d=&quot;&quot;&gt;...&lt;/div&gt;
  (Session info: chrome=104.0.5112.102)
Build info: version: &apos;3.141.59&apos;, revision: &apos;e82be7d358&apos;, time: &apos;2018-11-14T08:17:03&apos;
System info: host: &apos;LAPTOP-7DB4GVKK&apos;, ip: &apos;192.168.7.201&apos;, os.name: &apos;Windows 10&apos;, os.arch: &apos;amd64&apos;, os.version: &apos;10.0&apos;, java.version: &apos;1.8.0_321&apos;
Driver info: org.openqa.selenium.chrome.ChromeDriver
Capabilities {acceptInsecureCerts: false, browserName: chrome, browserVersion: 104.0.5112.102, chrome: {chromedriverVersion: 104.0.5112.79 (3cf3e8c8a07d..., userDataDir: C:\Users\bhalerao\AppData\L...}, goog:chromeOptions: {debuggerAddress: localhost:52931}, javascriptEnabled: true, networkConnectionEnabled: false, pageLoadStrategy: normal, platform: WINDOWS, platformName: WINDOWS, proxy: Proxy(), setWindowRect: true, strictFileInteractability: false, timeouts: {implicit: 0, pageLoad: 300000, script: 30000}, unhandledPromptBehavior: dismiss and notify, webauthn:extension:credBlob: true, webauthn:extension:largeBlob: true, webauthn:virtualAuthenticators: true}
Session ID: cf3900ca73682a9d363abb87accb7518
	at sun.reflect.NativeConstructorAccessorImpl.newInstance0(Native Method)
	at sun.reflect.NativeConstructorAccessorImpl.newInstance(NativeConstructorAccessorImpl.java:62)
	at sun.reflect.DelegatingConstructorAccessorImpl.newInstance(DelegatingConstructorAccessorImpl.java:45)
	at java.lang.reflect.Constructor.newInstance(Constructor.java:423)
	at org.openqa.selenium.remote.http.W3CHttpResponseCodec.createException(W3CHttpResponseCodec.java:187)
	at org.openqa.selenium.remote.http.W3CHttpResponseCodec.decode(W3CHttpResponseCodec.java:122)
	at org.openqa.selenium.remote.http.W3CHttpResponseCodec.decode(W3CHttpResponseCodec.java:49)
	at org.openqa.selenium.remote.HttpCommandExecutor.execute(HttpCommandExecutor.java:158)
	at org.openqa.selenium.remote.service.DriverCommandExecutor.execute(DriverCommandExecutor.java:83)
	at org.openqa.selenium.remote.RemoteWebDriver.execute(RemoteWebDriver.java:552)
	at org.openqa.selenium.remote.RemoteWebElement.execute(RemoteWebElement.java:285)
	at org.openqa.selenium.remote.RemoteWebElement.click(RemoteWebElement.java:84)
	at com.orangeHrm.qa.page.Leave_Page.checksel_Leave_Status(Leave_Page.java:64)
	at com.orangehrm.qa.tests.Test_Leave_Page.checkLeaveStatus(Test_Leave_Page.java:40)
	at sun.reflect.NativeMethodAccessorImpl.invoke0(Native Method)
	at sun.reflect.NativeMethodAccessorImpl.invoke(NativeMethodAccessorImpl.java:62)
	at sun.reflect.DelegatingMethodAccessorImpl.invoke(DelegatingMethodAccessorImpl.java:43)
	at java.lang.reflect.Method.invoke(Method.java:498)
	at org.testng.internal.MethodInvocationHelper.invokeMethod(MethodInvocationHelper.java:133)
	at org.testng.internal.TestInvoker.invokeMethod(TestInvoker.java:584)
	at org.testng.internal.TestInvoker.invokeTestMethod(TestInvoker.java:172)
	at org.testng.internal.MethodRunner.runInSequence(MethodRunner.java:46)
	at org.testng.internal.TestInvoker$MethodInvocationAgent.invoke(TestInvoker.java:804)
	at org.testng.internal.TestInvoker.invokeTestMethods(TestInvoker.java:145)
	at org.testng.internal.TestMethodWorker.invokeTestMethods(TestMethodWorker.java:146)
	at org.testng.internal.TestMethodWorker.run(TestMethodWorker.java:128)
	at java.util.ArrayList.forEach(ArrayList.java:1259)
	at org.testng.TestRunner.privateRun(TestRunner.java:770)
	at org.testng.TestRunner.run(TestRunner.java:591)
	at org.testng.SuiteRunner.runTest(SuiteRunner.java:402)
	at org.testng.SuiteRunner.access$000(SuiteRunner.java:41)
	at org.testng.SuiteRunner$SuiteWorker.run(SuiteRunner.java:443)
	at org.testng.internal.thread.ThreadUtil.lambda$execute$0(ThreadUtil.java:67)
	at java.util.concurrent.FutureTask.run(FutureTask.java:266)
	at java.util.concurrent.ThreadPoolExecutor.runWorker(ThreadPoolExecutor.java:1149)
	at java.util.concurrent.ThreadPoolExecutor$Worker.run(ThreadPoolExecutor.java:624)
	at java.lang.Thread.run(Thread.java:750)
</pre></div></td>
<td>1</td>
<td>com.orangehrm.qa.tests.Test_Leave_Page@4b553d26</td></tr>
<tr>
<td title='com.orangehrm.qa.tests.LoginPageTest.checkResetText()'><b>checkResetText</b><br>Test class: com.orangehrm.qa.tests.LoginPageTest</td>
<td><div><pre>org.openqa.selenium.NoSuchElementException: no such element: Unable to locate element: {&quot;method&quot;:&quot;xpath&quot;,&quot;selector&quot;:&quot;//p[text()=&apos;Forgot your password? &apos;]&quot;}
  (Session info: chrome=104.0.5112.102)
For documentation on this error, please visit: https://www.seleniumhq.org/exceptions/no_such_element.html
Build info: version: &apos;3.141.59&apos;, revision: &apos;e82be7d358&apos;, time: &apos;2018-11-14T08:17:03&apos;
System info: host: &apos;LAPTOP-7DB4GVKK&apos;, ip: &apos;192.168.7.201&apos;, os.name: &apos;Windows 10&apos;, os.arch: &apos;amd64&apos;, os.version: &apos;10.0&apos;, java.version: &apos;1.8.0_321&apos;
Driver info: org.openqa.selenium.chrome.ChromeDriver
Capabilities {acceptInsecureCerts: false, browserName: chrome, browserVersion: 104.0.5112.102, chrome: {chromedriverVersion: 104.0.5112.79 (3cf3e8c8a07d..., userDataDir: C:\Users\bhalerao\AppData\L...}, goog:chromeOptions: {debuggerAddress: localhost:52866}, javascriptEnabled: true, networkConnectionEnabled: false, pageLoadStrategy: normal, platform: WINDOWS, platformName: WINDOWS, proxy: Proxy(), setWindowRect: true, strictFileInteractability: false, timeouts: {implicit: 0, pageLoad: 300000, script: 30000}, unhandledPromptBehavior: dismiss and notify, webauthn:extension:credBlob: true, webauthn:extension:largeBlob: true, webauthn:virtualAuthenticators: true}
Session ID: 062c7a8960ec4dc4c9aad078aed8c0a8
*** Element info: {Using=xpath, value=//p[text()=&apos;Forgot your password? &apos;]}
	at org.openqa.selenium.remote.http.W3CHttpResponseCodec.createException(W3CHttpResponseCodec.java:187)
	at org.openqa.selenium.remote.http.W3CHttpResponseCodec.decode(W3CHttpResponseCodec.java:122)
	at org.openqa.selenium.remote.http.W3CHttpResponseCodec.decode(W3CHttpResponseCodec.java:49)
	at org.openqa.selenium.remote.HttpCommandExecutor.execute(HttpCommandExecutor.java:158)
	at org.openqa.selenium.remote.service.DriverCommandExecutor.execute(DriverCommandExecutor.java:83)
	at org.openqa.selenium.remote.RemoteWebDriver.execute(RemoteWebDriver.java:552)
	at org.openqa.selenium.remote.RemoteWebDriver.findElement(RemoteWebDriver.java:323)
	at org.openqa.selenium.remote.RemoteWebDriver.findElementByXPath(RemoteWebDriver.java:428)
	at org.openqa.selenium.By$ByXPath.findElement(By.java:353)
	at org.openqa.selenium.remote.RemoteWebDriver.findElement(RemoteWebDriver.java:315)
	at com.orangeHrm.qa.page.LoginPage.clickForgotPass(LoginPage.java:45)
	at com.orangehrm.qa.tests.LoginPageTest.checkResetText(LoginPageTest.java:40)
	at java.util.ArrayList.forEach(ArrayList.java:1259)
	at java.util.concurrent.FutureTask.run(FutureTask.java:266)
	at java.util.concurrent.ThreadPoolExecutor.runWorker(ThreadPoolExecutor.java:1149)
	at java.util.concurrent.ThreadPoolExecutor$Worker.run(ThreadPoolExecutor.java:624)
	at java.lang.Thread.run(Thread.java:750)
... Removed 22 stack frames</pre></div><a href='#' onClick='toggleBox("stack-trace1745571454", this, "Click to show all stack frames", "Click to hide stack frames")'>Click to show all stack frames</a>
<div class='stack-trace' id='stack-trace1745571454'><pre>org.openqa.selenium.NoSuchElementException: no such element: Unable to locate element: {&quot;method&quot;:&quot;xpath&quot;,&quot;selector&quot;:&quot;//p[text()=&apos;Forgot your password? &apos;]&quot;}
  (Session info: chrome=104.0.5112.102)
For documentation on this error, please visit: https://www.seleniumhq.org/exceptions/no_such_element.html
Build info: version: &apos;3.141.59&apos;, revision: &apos;e82be7d358&apos;, time: &apos;2018-11-14T08:17:03&apos;
System info: host: &apos;LAPTOP-7DB4GVKK&apos;, ip: &apos;192.168.7.201&apos;, os.name: &apos;Windows 10&apos;, os.arch: &apos;amd64&apos;, os.version: &apos;10.0&apos;, java.version: &apos;1.8.0_321&apos;
Driver info: org.openqa.selenium.chrome.ChromeDriver
Capabilities {acceptInsecureCerts: false, browserName: chrome, browserVersion: 104.0.5112.102, chrome: {chromedriverVersion: 104.0.5112.79 (3cf3e8c8a07d..., userDataDir: C:\Users\bhalerao\AppData\L...}, goog:chromeOptions: {debuggerAddress: localhost:52866}, javascriptEnabled: true, networkConnectionEnabled: false, pageLoadStrategy: normal, platform: WINDOWS, platformName: WINDOWS, proxy: Proxy(), setWindowRect: true, strictFileInteractability: false, timeouts: {implicit: 0, pageLoad: 300000, script: 30000}, unhandledPromptBehavior: dismiss and notify, webauthn:extension:credBlob: true, webauthn:extension:largeBlob: true, webauthn:virtualAuthenticators: true}
Session ID: 062c7a8960ec4dc4c9aad078aed8c0a8
*** Element info: {Using=xpath, value=//p[text()=&apos;Forgot your password? &apos;]}
	at sun.reflect.NativeConstructorAccessorImpl.newInstance0(Native Method)
	at sun.reflect.NativeConstructorAccessorImpl.newInstance(NativeConstructorAccessorImpl.java:62)
	at sun.reflect.DelegatingConstructorAccessorImpl.newInstance(DelegatingConstructorAccessorImpl.java:45)
	at java.lang.reflect.Constructor.newInstance(Constructor.java:423)
	at org.openqa.selenium.remote.http.W3CHttpResponseCodec.createException(W3CHttpResponseCodec.java:187)
	at org.openqa.selenium.remote.http.W3CHttpResponseCodec.decode(W3CHttpResponseCodec.java:122)
	at org.openqa.selenium.remote.http.W3CHttpResponseCodec.decode(W3CHttpResponseCodec.java:49)
	at org.openqa.selenium.remote.HttpCommandExecutor.execute(HttpCommandExecutor.java:158)
	at org.openqa.selenium.remote.service.DriverCommandExecutor.execute(DriverCommandExecutor.java:83)
	at org.openqa.selenium.remote.RemoteWebDriver.execute(RemoteWebDriver.java:552)
	at org.openqa.selenium.remote.RemoteWebDriver.findElement(RemoteWebDriver.java:323)
	at org.openqa.selenium.remote.RemoteWebDriver.findElementByXPath(RemoteWebDriver.java:428)
	at org.openqa.selenium.By$ByXPath.findElement(By.java:353)
	at org.openqa.selenium.remote.RemoteWebDriver.findElement(RemoteWebDriver.java:315)
	at com.orangeHrm.qa.page.LoginPage.clickForgotPass(LoginPage.java:45)
	at com.orangehrm.qa.tests.LoginPageTest.checkResetText(LoginPageTest.java:40)
	at sun.reflect.NativeMethodAccessorImpl.invoke0(Native Method)
	at sun.reflect.NativeMethodAccessorImpl.invoke(NativeMethodAccessorImpl.java:62)
	at sun.reflect.DelegatingMethodAccessorImpl.invoke(DelegatingMethodAccessorImpl.java:43)
	at java.lang.reflect.Method.invoke(Method.java:498)
	at org.testng.internal.MethodInvocationHelper.invokeMethod(MethodInvocationHelper.java:133)
	at org.testng.internal.TestInvoker.invokeMethod(TestInvoker.java:584)
	at org.testng.internal.TestInvoker.invokeTestMethod(TestInvoker.java:172)
	at org.testng.internal.MethodRunner.runInSequence(MethodRunner.java:46)
	at org.testng.internal.TestInvoker$MethodInvocationAgent.invoke(TestInvoker.java:804)
	at org.testng.internal.TestInvoker.invokeTestMethods(TestInvoker.java:145)
	at org.testng.internal.TestMethodWorker.invokeTestMethods(TestMethodWorker.java:146)
	at org.testng.internal.TestMethodWorker.run(TestMethodWorker.java:128)
	at java.util.ArrayList.forEach(ArrayList.java:1259)
	at org.testng.TestRunner.privateRun(TestRunner.java:770)
	at org.testng.TestRunner.run(TestRunner.java:591)
	at org.testng.SuiteRunner.runTest(SuiteRunner.java:402)
	at org.testng.SuiteRunner.access$000(SuiteRunner.java:41)
	at org.testng.SuiteRunner$SuiteWorker.run(SuiteRunner.java:443)
	at org.testng.internal.thread.ThreadUtil.lambda$execute$0(ThreadUtil.java:67)
	at java.util.concurrent.FutureTask.run(FutureTask.java:266)
	at java.util.concurrent.ThreadPoolExecutor.runWorker(ThreadPoolExecutor.java:1149)
	at java.util.concurrent.ThreadPoolExecutor$Worker.run(ThreadPoolExecutor.java:624)
	at java.lang.Thread.run(Thread.java:750)
</pre></div></td>
<td>4</td>
<td>com.orangehrm.qa.tests.LoginPageTest@184f6be2</td></tr>
</table><p>
<table width='100%' border='1' class='invocation-passed'>
<tr><td colspan='4' align='center'><b>PASSED TESTS</b></td></tr>
<tr><td><b>Test method</b></td>
<td width="30%"><b>Exception</b></td>
<td width="10%"><b>Time (seconds)</b></td>
<td><b>Instance</b></td>
</tr>
<tr>
<td title='com.orangehrm.qa.tests.TestHomePage.checkAddBtn()'><b>checkAddBtn</b><br>Test class: com.orangehrm.qa.tests.TestHomePage</td>
<td></td>
<td>3</td>
<td>com.orangehrm.qa.tests.TestHomePage@7a1ebcd8</td></tr>
<tr>
<td title='com.orangehrm.qa.tests.TestHomePage.checkEmployeeInfo()'><b>checkEmployeeInfo</b><br>Test class: com.orangehrm.qa.tests.TestHomePage</td>
<td></td>
<td>0</td>
<td>com.orangehrm.qa.tests.TestHomePage@7a1ebcd8</td></tr>
<tr>
<td title='com.orangehrm.qa.tests.Test_Leave_Page.checkFromDate()'><b>checkFromDate</b><br>Test class: com.orangehrm.qa.tests.Test_Leave_Page</td>
<td></td>
<td>0</td>
<td>com.orangehrm.qa.tests.Test_Leave_Page@4b553d26</td></tr>
<tr>
<td title='com.orangehrm.qa.tests.TestHomePage.checkMenuList()'><b>checkMenuList</b><br>Test class: com.orangehrm.qa.tests.TestHomePage</td>
<td></td>
<td>0</td>
<td>com.orangehrm.qa.tests.TestHomePage@7a1ebcd8</td></tr>
<tr>
<td title='com.orangehrm.qa.tests.LoginPageTest.checkPass()'><b>checkPass</b><br>Test class: com.orangehrm.qa.tests.LoginPageTest</td>
<td></td>
<td>1</td>
<td>com.orangehrm.qa.tests.LoginPageTest@184f6be2</td></tr>
<tr>
<td title='com.orangehrm.qa.tests.Test_Leave_Page.checkToDate()'><b>checkToDate</b><br>Test class: com.orangehrm.qa.tests.Test_Leave_Page</td>
<td></td>
<td>1</td>
<td>com.orangehrm.qa.tests.Test_Leave_Page@4b553d26</td></tr>
<tr>
<td title='com.orangehrm.qa.tests.Test_ResetPassword.testCancelBtnDisplay()'><b>testCancelBtnDisplay</b><br>Test class: com.orangehrm.qa.tests.Test_ResetPassword</td>
<td></td>
<td>0</td>
<td>com.orangehrm.qa.tests.Test_ResetPassword@7a765367</td></tr>
<tr>
<td title='com.orangehrm.qa.tests.Test_PIMPage.testEmpInfoText()'><b>testEmpInfoText</b><br>Test class: com.orangehrm.qa.tests.Test_PIMPage</td>
<td></td>
<td>0</td>
<td>com.orangehrm.qa.tests.Test_PIMPage@3dfc5fb8</td></tr>
<tr>
<td title='com.orangehrm.qa.tests.Test_PIMPage.testEmp_Id()'><b>testEmp_Id</b><br>Test class: com.orangehrm.qa.tests.Test_PIMPage</td>
<td></td>
<td>0</td>
<td>com.orangehrm.qa.tests.Test_PIMPage@3dfc5fb8</td></tr>
<tr>
<td title='com.orangehrm.qa.tests.Test_ResetPassword.testEnterUsername()'><b>testEnterUsername</b><br>Test class: com.orangehrm.qa.tests.Test_ResetPassword</td>
<td></td>
<td>0</td>
<td>com.orangehrm.qa.tests.Test_ResetPassword@7a765367</td></tr>
<tr>
<td title='com.orangehrm.qa.tests.Test_PIMPage.testInclude_Emp()'><b>testInclude_Emp</b><br>Test class: com.orangehrm.qa.tests.Test_PIMPage</td>
<td></td>
<td>0</td>
<td>com.orangehrm.qa.tests.Test_PIMPage@3dfc5fb8</td></tr>
<tr>
<td title='com.orangehrm.qa.tests.Test_Leave_Page.testLeaveListText()'><b>testLeaveListText</b><br>Test class: com.orangehrm.qa.tests.Test_Leave_Page</td>
<td></td>
<td>0</td>
<td>com.orangehrm.qa.tests.Test_Leave_Page@4b553d26</td></tr>
<tr>
<td title='com.orangehrm.qa.tests.LoginPageTest.testLogin()'><b>testLogin</b><br>Test class: com.orangehrm.qa.tests.LoginPageTest</td>
<td></td>
<td>13</td>
<td>com.orangehrm.qa.tests.LoginPageTest@184f6be2</td></tr>
<tr>
<td title='com.orangehrm.qa.tests.Test_ResetPassword.testResetPass()'><b>testResetPass</b><br>Test class: com.orangehrm.qa.tests.Test_ResetPassword</td>
<td></td>
<td>0</td>
<td>com.orangehrm.qa.tests.Test_ResetPassword@7a765367</td></tr>
<tr>
<td title='com.orangehrm.qa.tests.Test_ResetPassword.testResetPassBtnISdisplay()'><b>testResetPassBtnISdisplay</b><br>Test class: com.orangehrm.qa.tests.Test_ResetPassword</td>
<td></td>
<td>0</td>
<td>com.orangehrm.qa.tests.Test_ResetPassword@7a765367</td></tr>
<tr>
<td title='com.orangehrm.qa.tests.Test_ResetPassword.testResetPassText()'><b>testResetPassText</b><br>Test class: com.orangehrm.qa.tests.Test_ResetPassword</td>
<td></td>
<td>0</td>
<td>com.orangehrm.qa.tests.Test_ResetPassword@7a765367</td></tr>
<tr>
<td title='com.orangehrm.qa.tests.Test_PIMPage.testSupervisorName()'><b>testSupervisorName</b><br>Test class: com.orangehrm.qa.tests.Test_PIMPage</td>
<td></td>
<td>0</td>
<td>com.orangehrm.qa.tests.Test_PIMPage@3dfc5fb8</td></tr>
<tr>
<td title='com.orangehrm.qa.tests.Test_ResetPassword.testUsernameText()'><b>testUsernameText</b><br>Test class: com.orangehrm.qa.tests.Test_ResetPassword</td>
<td></td>
<td>0</td>
<td>com.orangehrm.qa.tests.Test_ResetPassword@7a765367</td></tr>
<tr>
<td title='com.orangehrm.qa.tests.Test_Leave_Page.test_EmpName()'><b>test_EmpName</b><br>Test class: com.orangehrm.qa.tests.Test_Leave_Page</td>
<td></td>
<td>0</td>
<td>com.orangehrm.qa.tests.Test_Leave_Page@4b553d26</td></tr>
</table><p>
</body>
</html>