<?xml version="1.0" encoding="UTF-8"?>
<!-- Generated by org.testng.reporters.JUnitXMLReporter -->
<testsuite ignored="0" hostname="LAPTOP-7DB4GVKK" failures="1" tests="4" name="Test1" time="147.884" errors="0" timestamp="2022-09-06T16:47:14 IST">
  <testcase classname="com.orangehrm.qa.tests.LoginPageTest" name="checkUn" time="16.051">
    <failure type="java.lang.AssertionError" message="expected [Admin] but found [Admin1]">
      <![CDATA[java.lang.AssertionError: expected [Admin] but found [Admin1]
at com.orangehrm.qa.tests.LoginPageTest.checkUn(LoginPageTest.java:34)
at java.base/java.util.ArrayList.forEach(ArrayList.java:1511)
at java.base/java.util.concurrent.FutureTask.run(FutureTask.java:264)
at java.base/java.util.concurrent.ThreadPoolExecutor.runWorker(ThreadPoolExecutor.java:1136)
at java.base/java.util.concurrent.ThreadPoolExecutor$Worker.run(ThreadPoolExecutor.java:635)
at java.base/java.lang.Thread.run(Thread.java:833)
... Removed 21 stack frames]]>
    </failure>
  </testcase> <!-- checkUn -->
  <testcase classname="com.orangehrm.qa.tests.LoginPageTest" name="checkPass" time="0.288"/>
  <testcase classname="com.orangehrm.qa.tests.LoginPageTest" name="checkResetText" time="1.462"/>
  <testcase classname="com.orangehrm.qa.tests.LoginPageTest" name="testLogin" time="16.644"/>
</testsuite> <!-- Test1 -->
