<?xml version="1.0" encoding="UTF-8"?>
<!-- Generated by org.testng.reporters.JUnitXMLReporter -->
<testsuite hostname="LAPTOP-7DB4GVKK" ignored="0" name="Test7" tests="16" failures="1" timestamp="2022-08-29T07:13:50 IST" time="20.66" errors="0">
  <testcase name="checkToDate" time="1.761" classname="com.orangehrm.qa.tests.Test_Leave_Page"/>
  <testcase name="testLeaveListText" time="0.072" classname="com.orangehrm.qa.tests.Test_Leave_Page"/>
  <testcase name="test_EmpName" time="0.273" classname="com.orangehrm.qa.tests.Test_Leave_Page"/>
  <testcase name="testEmpName" time="0.646" classname="com.orangehrm.qa.tests.Test_Directory_Page"/>
  <testcase name="testJobTitle" time="0.269" classname="com.orangehrm.qa.tests.Test_Directory_Page"/>
  <testcase name="testJobLocation" time="0.517" classname="com.orangehrm.qa.tests.Test_Directory_Page"/>
  <testcase name="testAllDetails" time="0.001" classname="com.orangehrm.qa.tests.Test_Directory_Page"/>
  <testcase name="testEmpId" time="0.441" classname="com.orangehrm.qa.tests.Test_My_Info_Page">
    <failure type="java.lang.AssertionError" message="expected [bhushan123] but found [0024bhushan123]">
      <![CDATA[java.lang.AssertionError: expected [bhushan123] but found [0024bhushan123]
at com.orangehrm.qa.tests.Test_My_Info_Page.testEmpId(Test_My_Info_Page.java:48)
at java.util.ArrayList.forEach(ArrayList.java:1259)
at java.util.concurrent.FutureTask.run(FutureTask.java:266)
at java.util.concurrent.ThreadPoolExecutor.runWorker(ThreadPoolExecutor.java:1149)
at java.util.concurrent.ThreadPoolExecutor$Worker.run(ThreadPoolExecutor.java:624)
at java.lang.Thread.run(Thread.java:750)
... Removed 23 stack frames]]>
    </failure>
  </testcase> <!-- testEmpId -->
  <testcase name="testFirstName" time="1.202" classname="com.orangehrm.qa.tests.Test_My_Info_Page"/>
  <testcase name="testLastName" time="0.376" classname="com.orangehrm.qa.tests.Test_My_Info_Page"/>
  <testcase name="testLiscenceNo" time="0.248" classname="com.orangehrm.qa.tests.Test_My_Info_Page"/>
  <testcase name="testMiddleName" time="0.304" classname="com.orangehrm.qa.tests.Test_My_Info_Page"/>
  <testcase name="testNickName" time="0.273" classname="com.orangehrm.qa.tests.Test_My_Info_Page"/>
  <testcase name="testOtherId" time="0.263" classname="com.orangehrm.qa.tests.Test_My_Info_Page"/>
  <testcase name="testSinNo" time="0.228" classname="com.orangehrm.qa.tests.Test_My_Info_Page"/>
  <testcase name="testSipNo" time="0.176" classname="com.orangehrm.qa.tests.Test_My_Info_Page"/>
</testsuite> <!-- Test7 -->
