<?xml version="1.0" encoding="UTF-8"?>
<testng-results skipped="0" failed="12" ignored="1" total="19" passed="6">
  <reporter-output>
  </reporter-output>
  <suite name="Suite" duration-ms="158464" started-at="2022-09-09T00:06:05 IST" finished-at="2022-09-09T00:08:44 IST">
    <groups>
    </groups>
    <test name="Test" duration-ms="158464" started-at="2022-09-09T00:06:05 IST" finished-at="2022-09-09T00:08:44 IST">
      <class name="com.orangehrm.qa.tests.Test_Admin_Page">
        <test-method status="PASS" signature="beforeMethod()[pri:0, instance:com.orangehrm.qa.tests.Test_Admin_Page@757942a1]" name="beforeMethod" is-config="true" duration-ms="13108" started-at="2022-09-09T00:08:13 IST" finished-at="2022-09-09T00:08:26 IST">
          <reporter-output>
          </reporter-output>
        </test-method> <!-- beforeMethod -->
        <test-method status="FAIL" signature="testEmpname(java.lang.String, java.lang.String)[pri:0, instance:com.orangehrm.qa.tests.Test_Admin_Page@757942a1]" name="testEmpname" duration-ms="44" started-at="2022-09-09T00:08:21 IST" data-provider="data2" finished-at="2022-09-09T00:08:21 IST">
          <exception class="org.testng.internal.reflect.MethodMatcherException">
            <message>
              <![CDATA[
[public void com.orangehrm.qa.tests.Test_Admin_Page.testEmpname(java.lang.String,java.lang.String) throws java.lang.InterruptedException] has no parameters defined but was found to be using a data provider (either explicitly specified or inherited from class level annotation).
Data provider mismatch
Method: testEmpname([Parameter{index=0, type=java.lang.String, declaredAnnotations=[]}, Parameter{index=1, type=java.lang.String, declaredAnnotations=[]}])
Arguments: [(java.lang.String) bhushan123,(java.lang.String) karan,(java.lang.String) Digamber]]]>
            </message>
            <full-stacktrace>
              <![CDATA[org.testng.internal.reflect.MethodMatcherException: 
[public void com.orangehrm.qa.tests.Test_Admin_Page.testEmpname(java.lang.String,java.lang.String) throws java.lang.InterruptedException] has no parameters defined but was found to be using a data provider (either explicitly specified or inherited from class level annotation).
Data provider mismatch
Method: testEmpname([Parameter{index=0, type=java.lang.String, declaredAnnotations=[]}, Parameter{index=1, type=java.lang.String, declaredAnnotations=[]}])
Arguments: [(java.lang.String) bhushan123,(java.lang.String) karan,(java.lang.String) Digamber]
at org.testng.internal.reflect.DataProviderMethodMatcher.getConformingArguments(DataProviderMethodMatcher.java:43)
at org.testng.internal.Parameters.injectParameters(Parameters.java:925)
at org.testng.internal.MethodRunner.runInSequence(MethodRunner.java:34)
at org.testng.internal.TestInvoker$MethodInvocationAgent.invoke(TestInvoker.java:804)
at org.testng.internal.TestInvoker.invokeTestMethods(TestInvoker.java:145)
at org.testng.internal.TestMethodWorker.invokeTestMethods(TestMethodWorker.java:146)
at org.testng.internal.TestMethodWorker.run(TestMethodWorker.java:128)
at java.util.concurrent.ThreadPoolExecutor.runWorker(ThreadPoolExecutor.java:1149)
at java.util.concurrent.ThreadPoolExecutor$Worker.run(ThreadPoolExecutor.java:624)
at java.lang.Thread.run(Thread.java:750)
]]>
            </full-stacktrace>
          </exception> <!-- org.testng.internal.reflect.MethodMatcherException -->
          <reporter-output>
          </reporter-output>
        </test-method> <!-- testEmpname -->
        <test-method status="PASS" signature="beforeMethod()[pri:0, instance:com.orangehrm.qa.tests.Test_Admin_Page@757942a1]" name="beforeMethod" is-config="true" duration-ms="12887" started-at="2022-09-09T00:08:21 IST" finished-at="2022-09-09T00:08:34 IST">
          <reporter-output>
          </reporter-output>
        </test-method> <!-- beforeMethod -->
        <test-method status="PASS" signature="testEmpStaus()[pri:0, instance:com.orangehrm.qa.tests.Test_Admin_Page@757942a1]" name="testEmpStaus" duration-ms="4916" started-at="2022-09-09T00:08:26 IST" finished-at="2022-09-09T00:08:31 IST">
          <reporter-output>
          </reporter-output>
        </test-method> <!-- testEmpStaus -->
        <test-method status="PASS" signature="afterMethod(org.testng.ITestResult)[pri:0, instance:com.orangehrm.qa.tests.Test_Admin_Page@757942a1]" name="afterMethod" is-config="true" duration-ms="655" started-at="2022-09-09T00:08:31 IST" finished-at="2022-09-09T00:08:32 IST">
          <params>
            <param index="0">
              <value>
                <![CDATA[[TestResult name=testEmpStaus status=SUCCESS method=Test_Admin_Page.testEmpStaus()[pri:0, instance:com.orangehrm.qa.tests.Test_Admin_Page@757942a1] output={null}]]]>
              </value>
            </param>
          </params>
          <reporter-output>
          </reporter-output>
        </test-method> <!-- afterMethod -->
        <test-method status="FAIL" signature="testUsername(java.lang.String)[pri:0, instance:com.orangehrm.qa.tests.Test_Admin_Page@757942a1]" name="testUsername" duration-ms="36" started-at="2022-09-09T00:08:32 IST" data-provider="data1" finished-at="2022-09-09T00:08:32 IST">
          <exception class="org.testng.internal.reflect.MethodMatcherException">
            <message>
              <![CDATA[
[public void com.orangehrm.qa.tests.Test_Admin_Page.testUsername(java.lang.String) throws java.lang.InterruptedException] has no parameters defined but was found to be using a data provider (either explicitly specified or inherited from class level annotation).
Data provider mismatch
Method: testUsername([Parameter{index=0, type=java.lang.String, declaredAnnotations=[]}])
Arguments: [(java.lang.String) bhushan123,(java.lang.String) karan,(java.lang.String) Digamber]]]>
            </message>
            <full-stacktrace>
              <![CDATA[org.testng.internal.reflect.MethodMatcherException: 
[public void com.orangehrm.qa.tests.Test_Admin_Page.testUsername(java.lang.String) throws java.lang.InterruptedException] has no parameters defined but was found to be using a data provider (either explicitly specified or inherited from class level annotation).
Data provider mismatch
Method: testUsername([Parameter{index=0, type=java.lang.String, declaredAnnotations=[]}])
Arguments: [(java.lang.String) bhushan123,(java.lang.String) karan,(java.lang.String) Digamber]
at org.testng.internal.reflect.DataProviderMethodMatcher.getConformingArguments(DataProviderMethodMatcher.java:43)
at org.testng.internal.Parameters.injectParameters(Parameters.java:925)
at org.testng.internal.MethodRunner.runInSequence(MethodRunner.java:34)
at org.testng.internal.TestInvoker$MethodInvocationAgent.invoke(TestInvoker.java:804)
at org.testng.internal.TestInvoker.invokeTestMethods(TestInvoker.java:145)
at org.testng.internal.TestMethodWorker.invokeTestMethods(TestMethodWorker.java:146)
at org.testng.internal.TestMethodWorker.run(TestMethodWorker.java:128)
at java.util.concurrent.ThreadPoolExecutor.runWorker(ThreadPoolExecutor.java:1149)
at java.util.concurrent.ThreadPoolExecutor$Worker.run(ThreadPoolExecutor.java:624)
at java.lang.Thread.run(Thread.java:750)
]]>
            </full-stacktrace>
          </exception> <!-- org.testng.internal.reflect.MethodMatcherException -->
          <reporter-output>
          </reporter-output>
        </test-method> <!-- testUsername -->
        <test-method status="FAIL" signature="testUser_Role()[pri:0, instance:com.orangehrm.qa.tests.Test_Admin_Page@757942a1]" name="testUser_Role" duration-ms="9348" started-at="2022-09-09T00:08:34 IST" finished-at="2022-09-09T00:08:43 IST">
          <exception class="org.openqa.selenium.NoSuchElementException">
            <message>
              <![CDATA[no such element: Unable to locate element: {"method":"xpath","selector":"//label[text()='User Role']/following::span[text()='ESS']"}
  (Session info: chrome=105.0.5195.102)
For documentation on this error, please visit: https://www.seleniumhq.org/exceptions/no_such_element.html
Build info: version: '3.141.59', revision: 'e82be7d358', time: '2018-11-14T08:17:03'
System info: host: 'LAPTOP-7DB4GVKK', ip: '192.168.7.201', os.name: 'Windows 10', os.arch: 'amd64', os.version: '10.0', java.version: '1.8.0_321'
Driver info: org.openqa.selenium.chrome.ChromeDriver
Capabilities {acceptInsecureCerts: false, browserName: chrome, browserVersion: 105.0.5195.102, chrome: {chromedriverVersion: 105.0.5195.52 (412c95e51883..., userDataDir: C:\Users\bhalerao\AppData\L...}, goog:chromeOptions: {debuggerAddress: localhost:57900}, javascriptEnabled: true, networkConnectionEnabled: false, pageLoadStrategy: normal, platform: WINDOWS, platformName: WINDOWS, proxy: Proxy(), setWindowRect: true, strictFileInteractability: false, timeouts: {implicit: 0, pageLoad: 300000, script: 30000}, unhandledPromptBehavior: dismiss and notify, webauthn:extension:credBlob: true, webauthn:extension:largeBlob: true, webauthn:virtualAuthenticators: true}
Session ID: d68fd4522176930c49dee7a083b3872b
*** Element info: {Using=xpath, value=//label[text()='User Role']/following::span[text()='ESS']}]]>
            </message>
            <full-stacktrace>
              <![CDATA[org.openqa.selenium.NoSuchElementException: no such element: Unable to locate element: {"method":"xpath","selector":"//label[text()='User Role']/following::span[text()='ESS']"}
  (Session info: chrome=105.0.5195.102)
For documentation on this error, please visit: https://www.seleniumhq.org/exceptions/no_such_element.html
Build info: version: '3.141.59', revision: 'e82be7d358', time: '2018-11-14T08:17:03'
System info: host: 'LAPTOP-7DB4GVKK', ip: '192.168.7.201', os.name: 'Windows 10', os.arch: 'amd64', os.version: '10.0', java.version: '1.8.0_321'
Driver info: org.openqa.selenium.chrome.ChromeDriver
Capabilities {acceptInsecureCerts: false, browserName: chrome, browserVersion: 105.0.5195.102, chrome: {chromedriverVersion: 105.0.5195.52 (412c95e51883..., userDataDir: C:\Users\bhalerao\AppData\L...}, goog:chromeOptions: {debuggerAddress: localhost:57900}, javascriptEnabled: true, networkConnectionEnabled: false, pageLoadStrategy: normal, platform: WINDOWS, platformName: WINDOWS, proxy: Proxy(), setWindowRect: true, strictFileInteractability: false, timeouts: {implicit: 0, pageLoad: 300000, script: 30000}, unhandledPromptBehavior: dismiss and notify, webauthn:extension:credBlob: true, webauthn:extension:largeBlob: true, webauthn:virtualAuthenticators: true}
Session ID: d68fd4522176930c49dee7a083b3872b
*** Element info: {Using=xpath, value=//label[text()='User Role']/following::span[text()='ESS']}
at sun.reflect.NativeConstructorAccessorImpl.newInstance0(Native Method)
at sun.reflect.NativeConstructorAccessorImpl.newInstance(NativeConstructorAccessorImpl.java:62)
at sun.reflect.DelegatingConstructorAccessorImpl.newInstance(DelegatingConstructorAccessorImpl.java:45)
at java.lang.reflect.Constructor.newInstance(Constructor.java:423)
at org.openqa.selenium.remote.http.W3CHttpResponseCodec.createException(W3CHttpResponseCodec.java:187)
at org.openqa.selenium.remote.http.W3CHttpResponseCodec.decode(W3CHttpResponseCodec.java:122)
at org.openqa.selenium.remote.http.W3CHttpResponseCodec.decode(W3CHttpResponseCodec.java:49)
at org.openqa.selenium.remote.HttpCommandExecutor.execute(HttpCommandExecutor.java:158)
at org.openqa.selenium.remote.service.DriverCommandExecutor.execute(DriverCommandExecutor.java:83)
at org.openqa.selenium.remote.RemoteWebDriver.execute(RemoteWebDriver.java:552)
at org.openqa.selenium.remote.RemoteWebDriver.findElement(RemoteWebDriver.java:323)
at org.openqa.selenium.remote.RemoteWebDriver.findElementByXPath(RemoteWebDriver.java:428)
at org.openqa.selenium.By$ByXPath.findElement(By.java:353)
at org.openqa.selenium.remote.RemoteWebDriver.findElement(RemoteWebDriver.java:315)
at com.orangeHrm.qa.page.Admin_Page.checkUser_Role(Admin_Page.java:48)
at com.orangehrm.qa.tests.Test_Admin_Page.testUser_Role(Test_Admin_Page.java:61)
at sun.reflect.NativeMethodAccessorImpl.invoke0(Native Method)
at sun.reflect.NativeMethodAccessorImpl.invoke(NativeMethodAccessorImpl.java:62)
at sun.reflect.DelegatingMethodAccessorImpl.invoke(DelegatingMethodAccessorImpl.java:43)
at java.lang.reflect.Method.invoke(Method.java:498)
at org.testng.internal.MethodInvocationHelper.invokeMethod(MethodInvocationHelper.java:133)
at org.testng.internal.TestInvoker.invokeMethod(TestInvoker.java:584)
at org.testng.internal.TestInvoker.invokeTestMethod(TestInvoker.java:172)
at org.testng.internal.MethodRunner.runInSequence(MethodRunner.java:46)
at org.testng.internal.TestInvoker$MethodInvocationAgent.invoke(TestInvoker.java:804)
at org.testng.internal.TestInvoker.invokeTestMethods(TestInvoker.java:145)
at org.testng.internal.TestMethodWorker.invokeTestMethods(TestMethodWorker.java:146)
at org.testng.internal.TestMethodWorker.run(TestMethodWorker.java:128)
at java.util.concurrent.ThreadPoolExecutor.runWorker(ThreadPoolExecutor.java:1149)
at java.util.concurrent.ThreadPoolExecutor$Worker.run(ThreadPoolExecutor.java:624)
at java.lang.Thread.run(Thread.java:750)
]]>
            </full-stacktrace>
          </exception> <!-- org.openqa.selenium.NoSuchElementException -->
          <reporter-output>
          </reporter-output>
        </test-method> <!-- testUser_Role -->
        <test-method status="PASS" signature="afterMethod(org.testng.ITestResult)[pri:0, instance:com.orangehrm.qa.tests.Test_Admin_Page@757942a1]" name="afterMethod" is-config="true" duration-ms="854" started-at="2022-09-09T00:08:43 IST" finished-at="2022-09-09T00:08:44 IST">
          <params>
            <param index="0">
              <value>
                <![CDATA[[TestResult name=testUser_Role status=FAILURE method=Test_Admin_Page.testUser_Role()[pri:0, instance:com.orangehrm.qa.tests.Test_Admin_Page@757942a1] output={null}]]]>
              </value>
            </param>
          </params>
          <reporter-output>
          </reporter-output>
        </test-method> <!-- afterMethod -->
      </class> <!-- com.orangehrm.qa.tests.Test_Admin_Page -->
      <class name="com.orangehrm.qa.tests.Test_My_Info_Page">
        <test-method status="PASS" signature="setup()[pri:0, instance:com.orangehrm.qa.tests.Test_My_Info_Page@69b0fd6f]" name="setup" is-config="true" duration-ms="9" started-at="2022-09-09T00:06:05 IST" finished-at="2022-09-09T00:06:05 IST">
          <reporter-output>
          </reporter-output>
        </test-method> <!-- setup -->
        <test-method status="FAIL" signature="testFirstName(java.lang.String, java.lang.String)[pri:0, instance:com.orangehrm.qa.tests.Test_My_Info_Page@69b0fd6f]" name="testFirstName" duration-ms="2376" started-at="2022-09-09T00:06:05 IST" data-provider="dp1" finished-at="2022-09-09T00:06:08 IST">
          <exception class="org.testng.internal.reflect.MethodMatcherException">
            <message>
              <![CDATA[
[public void com.orangehrm.qa.tests.Test_My_Info_Page.testFirstName(java.lang.String,java.lang.String) throws java.lang.InterruptedException] has no parameters defined but was found to be using a data provider (either explicitly specified or inherited from class level annotation).
Data provider mismatch
Method: testFirstName([Parameter{index=0, type=java.lang.String, declaredAnnotations=[]}, Parameter{index=1, type=java.lang.String, declaredAnnotations=[]}])
Arguments: [(java.lang.String) bhushan123,(java.lang.String) karan,(java.lang.String) Digamber]]]>
            </message>
            <full-stacktrace>
              <![CDATA[org.testng.internal.reflect.MethodMatcherException: 
[public void com.orangehrm.qa.tests.Test_My_Info_Page.testFirstName(java.lang.String,java.lang.String) throws java.lang.InterruptedException] has no parameters defined but was found to be using a data provider (either explicitly specified or inherited from class level annotation).
Data provider mismatch
Method: testFirstName([Parameter{index=0, type=java.lang.String, declaredAnnotations=[]}, Parameter{index=1, type=java.lang.String, declaredAnnotations=[]}])
Arguments: [(java.lang.String) bhushan123,(java.lang.String) karan,(java.lang.String) Digamber]
at org.testng.internal.reflect.DataProviderMethodMatcher.getConformingArguments(DataProviderMethodMatcher.java:43)
at org.testng.internal.Parameters.injectParameters(Parameters.java:925)
at org.testng.internal.MethodRunner.runInSequence(MethodRunner.java:34)
at org.testng.internal.TestInvoker$MethodInvocationAgent.invoke(TestInvoker.java:804)
at org.testng.internal.TestInvoker.invokeTestMethods(TestInvoker.java:145)
at org.testng.internal.TestMethodWorker.invokeTestMethods(TestMethodWorker.java:146)
at org.testng.internal.TestMethodWorker.run(TestMethodWorker.java:128)
at java.util.concurrent.ThreadPoolExecutor.runWorker(ThreadPoolExecutor.java:1149)
at java.util.concurrent.ThreadPoolExecutor$Worker.run(ThreadPoolExecutor.java:624)
at java.lang.Thread.run(Thread.java:750)
]]>
            </full-stacktrace>
          </exception> <!-- org.testng.internal.reflect.MethodMatcherException -->
          <reporter-output>
          </reporter-output>
        </test-method> <!-- testFirstName -->
        <test-method status="PASS" signature="beforeMethod()[pri:0, instance:com.orangehrm.qa.tests.Test_My_Info_Page@69b0fd6f]" name="beforeMethod" is-config="true" duration-ms="19253" started-at="2022-09-09T00:06:05 IST" finished-at="2022-09-09T00:06:25 IST">
          <reporter-output>
          </reporter-output>
        </test-method> <!-- beforeMethod -->
        <test-method status="PASS" signature="beforeMethod()[pri:0, instance:com.orangehrm.qa.tests.Test_My_Info_Page@69b0fd6f]" name="beforeMethod" is-config="true" duration-ms="15848" started-at="2022-09-09T00:06:08 IST" finished-at="2022-09-09T00:06:24 IST">
          <reporter-output>
          </reporter-output>
        </test-method> <!-- beforeMethod -->
        <test-method status="FAIL" signature="testLastName([Ljava.lang.String;)[pri:0, instance:com.orangehrm.qa.tests.Test_My_Info_Page@69b0fd6f]" name="testLastName" duration-ms="4023" started-at="2022-09-09T00:06:24 IST" data-provider="dp3" finished-at="2022-09-09T00:06:28 IST">
          <params>
            <param index="0">
              <value>
                <![CDATA[[Ljava.lang.String;@3d811572]]>
              </value>
            </param>
          </params>
          <exception class="org.openqa.selenium.StaleElementReferenceException">
            <message>
              <![CDATA[stale element reference: element is not attached to the page document
  (Session info: chrome=105.0.5195.102)
For documentation on this error, please visit: https://www.seleniumhq.org/exceptions/stale_element_reference.html
Build info: version: '3.141.59', revision: 'e82be7d358', time: '2018-11-14T08:17:03'
System info: host: 'LAPTOP-7DB4GVKK', ip: '192.168.7.201', os.name: 'Windows 10', os.arch: 'amd64', os.version: '10.0', java.version: '1.8.0_321'
Driver info: org.openqa.selenium.chrome.ChromeDriver
Capabilities {acceptInsecureCerts: false, browserName: chrome, browserVersion: 105.0.5195.102, chrome: {chromedriverVersion: 105.0.5195.52 (412c95e51883..., userDataDir: C:\Users\bhalerao\AppData\L...}, goog:chromeOptions: {debuggerAddress: localhost:57586}, javascriptEnabled: true, networkConnectionEnabled: false, pageLoadStrategy: normal, platform: WINDOWS, platformName: WINDOWS, proxy: Proxy(), setWindowRect: true, strictFileInteractability: false, timeouts: {implicit: 0, pageLoad: 300000, script: 30000}, unhandledPromptBehavior: dismiss and notify, webauthn:extension:credBlob: true, webauthn:extension:largeBlob: true, webauthn:virtualAuthenticators: true}
Session ID: cc2e46a274f644641b8c5e4c12e72816]]>
            </message>
            <full-stacktrace>
              <![CDATA[org.openqa.selenium.StaleElementReferenceException: stale element reference: element is not attached to the page document
  (Session info: chrome=105.0.5195.102)
For documentation on this error, please visit: https://www.seleniumhq.org/exceptions/stale_element_reference.html
Build info: version: '3.141.59', revision: 'e82be7d358', time: '2018-11-14T08:17:03'
System info: host: 'LAPTOP-7DB4GVKK', ip: '192.168.7.201', os.name: 'Windows 10', os.arch: 'amd64', os.version: '10.0', java.version: '1.8.0_321'
Driver info: org.openqa.selenium.chrome.ChromeDriver
Capabilities {acceptInsecureCerts: false, browserName: chrome, browserVersion: 105.0.5195.102, chrome: {chromedriverVersion: 105.0.5195.52 (412c95e51883..., userDataDir: C:\Users\bhalerao\AppData\L...}, goog:chromeOptions: {debuggerAddress: localhost:57586}, javascriptEnabled: true, networkConnectionEnabled: false, pageLoadStrategy: normal, platform: WINDOWS, platformName: WINDOWS, proxy: Proxy(), setWindowRect: true, strictFileInteractability: false, timeouts: {implicit: 0, pageLoad: 300000, script: 30000}, unhandledPromptBehavior: dismiss and notify, webauthn:extension:credBlob: true, webauthn:extension:largeBlob: true, webauthn:virtualAuthenticators: true}
Session ID: cc2e46a274f644641b8c5e4c12e72816
at sun.reflect.NativeConstructorAccessorImpl.newInstance0(Native Method)
at sun.reflect.NativeConstructorAccessorImpl.newInstance(NativeConstructorAccessorImpl.java:62)
at sun.reflect.DelegatingConstructorAccessorImpl.newInstance(DelegatingConstructorAccessorImpl.java:45)
at java.lang.reflect.Constructor.newInstance(Constructor.java:423)
at org.openqa.selenium.remote.http.W3CHttpResponseCodec.createException(W3CHttpResponseCodec.java:187)
at org.openqa.selenium.remote.http.W3CHttpResponseCodec.decode(W3CHttpResponseCodec.java:122)
at org.openqa.selenium.remote.http.W3CHttpResponseCodec.decode(W3CHttpResponseCodec.java:49)
at org.openqa.selenium.remote.HttpCommandExecutor.execute(HttpCommandExecutor.java:158)
at org.openqa.selenium.remote.service.DriverCommandExecutor.execute(DriverCommandExecutor.java:83)
at org.openqa.selenium.remote.RemoteWebDriver.execute(RemoteWebDriver.java:552)
at org.openqa.selenium.remote.RemoteWebElement.execute(RemoteWebElement.java:285)
at org.openqa.selenium.remote.RemoteWebElement.click(RemoteWebElement.java:84)
at com.orangeHrm.qa.page.HomePage.check_My_Info(HomePage.java:66)
at com.orangehrm.qa.tests.Test_My_Info_Page.testLastName(Test_My_Info_Page.java:57)
at sun.reflect.NativeMethodAccessorImpl.invoke0(Native Method)
at sun.reflect.NativeMethodAccessorImpl.invoke(NativeMethodAccessorImpl.java:62)
at sun.reflect.DelegatingMethodAccessorImpl.invoke(DelegatingMethodAccessorImpl.java:43)
at java.lang.reflect.Method.invoke(Method.java:498)
at org.testng.internal.MethodInvocationHelper.invokeMethod(MethodInvocationHelper.java:133)
at org.testng.internal.TestInvoker.invokeMethod(TestInvoker.java:584)
at org.testng.internal.TestInvoker.invokeTestMethod(TestInvoker.java:172)
at org.testng.internal.MethodRunner.runInSequence(MethodRunner.java:46)
at org.testng.internal.TestInvoker$MethodInvocationAgent.invoke(TestInvoker.java:804)
at org.testng.internal.TestInvoker.invokeTestMethods(TestInvoker.java:145)
at org.testng.internal.TestMethodWorker.invokeTestMethods(TestMethodWorker.java:146)
at org.testng.internal.TestMethodWorker.run(TestMethodWorker.java:128)
at java.util.concurrent.ThreadPoolExecutor.runWorker(ThreadPoolExecutor.java:1149)
at java.util.concurrent.ThreadPoolExecutor$Worker.run(ThreadPoolExecutor.java:624)
at java.lang.Thread.run(Thread.java:750)
]]>
            </full-stacktrace>
          </exception> <!-- org.openqa.selenium.StaleElementReferenceException -->
          <reporter-output>
          </reporter-output>
        </test-method> <!-- testLastName -->
        <test-method status="FAIL" signature="testEmpId()[pri:0, instance:com.orangehrm.qa.tests.Test_My_Info_Page@69b0fd6f]" name="testEmpId" duration-ms="7044" started-at="2022-09-09T00:06:25 IST" finished-at="2022-09-09T00:06:32 IST">
          <exception class="org.openqa.selenium.NoSuchElementException">
            <message>
              <![CDATA[no such element: Unable to locate element: {"method":"css selector","selector":"*[name='username']"}
  (Session info: chrome=105.0.5195.102)
For documentation on this error, please visit: https://www.seleniumhq.org/exceptions/no_such_element.html
Build info: version: '3.141.59', revision: 'e82be7d358', time: '2018-11-14T08:17:03'
System info: host: 'LAPTOP-7DB4GVKK', ip: '192.168.7.201', os.name: 'Windows 10', os.arch: 'amd64', os.version: '10.0', java.version: '1.8.0_321'
Driver info: org.openqa.selenium.chrome.ChromeDriver
Capabilities {acceptInsecureCerts: false, browserName: chrome, browserVersion: 105.0.5195.102, chrome: {chromedriverVersion: 105.0.5195.52 (412c95e51883..., userDataDir: C:\Users\bhalerao\AppData\L...}, goog:chromeOptions: {debuggerAddress: localhost:57586}, javascriptEnabled: true, networkConnectionEnabled: false, pageLoadStrategy: normal, platform: WINDOWS, platformName: WINDOWS, proxy: Proxy(), setWindowRect: true, strictFileInteractability: false, timeouts: {implicit: 0, pageLoad: 300000, script: 30000}, unhandledPromptBehavior: dismiss and notify, webauthn:extension:credBlob: true, webauthn:extension:largeBlob: true, webauthn:virtualAuthenticators: true}
Session ID: cc2e46a274f644641b8c5e4c12e72816
*** Element info: {Using=name, value=username}]]>
            </message>
            <full-stacktrace>
              <![CDATA[org.openqa.selenium.NoSuchElementException: no such element: Unable to locate element: {"method":"css selector","selector":"*[name='username']"}
  (Session info: chrome=105.0.5195.102)
For documentation on this error, please visit: https://www.seleniumhq.org/exceptions/no_such_element.html
Build info: version: '3.141.59', revision: 'e82be7d358', time: '2018-11-14T08:17:03'
System info: host: 'LAPTOP-7DB4GVKK', ip: '192.168.7.201', os.name: 'Windows 10', os.arch: 'amd64', os.version: '10.0', java.version: '1.8.0_321'
Driver info: org.openqa.selenium.chrome.ChromeDriver
Capabilities {acceptInsecureCerts: false, browserName: chrome, browserVersion: 105.0.5195.102, chrome: {chromedriverVersion: 105.0.5195.52 (412c95e51883..., userDataDir: C:\Users\bhalerao\AppData\L...}, goog:chromeOptions: {debuggerAddress: localhost:57586}, javascriptEnabled: true, networkConnectionEnabled: false, pageLoadStrategy: normal, platform: WINDOWS, platformName: WINDOWS, proxy: Proxy(), setWindowRect: true, strictFileInteractability: false, timeouts: {implicit: 0, pageLoad: 300000, script: 30000}, unhandledPromptBehavior: dismiss and notify, webauthn:extension:credBlob: true, webauthn:extension:largeBlob: true, webauthn:virtualAuthenticators: true}
Session ID: cc2e46a274f644641b8c5e4c12e72816
*** Element info: {Using=name, value=username}
at sun.reflect.NativeConstructorAccessorImpl.newInstance0(Native Method)
at sun.reflect.NativeConstructorAccessorImpl.newInstance(NativeConstructorAccessorImpl.java:62)
at sun.reflect.DelegatingConstructorAccessorImpl.newInstance(DelegatingConstructorAccessorImpl.java:45)
at java.lang.reflect.Constructor.newInstance(Constructor.java:423)
at org.openqa.selenium.remote.http.W3CHttpResponseCodec.createException(W3CHttpResponseCodec.java:187)
at org.openqa.selenium.remote.http.W3CHttpResponseCodec.decode(W3CHttpResponseCodec.java:122)
at org.openqa.selenium.remote.http.W3CHttpResponseCodec.decode(W3CHttpResponseCodec.java:49)
at org.openqa.selenium.remote.HttpCommandExecutor.execute(HttpCommandExecutor.java:158)
at org.openqa.selenium.remote.service.DriverCommandExecutor.execute(DriverCommandExecutor.java:83)
at org.openqa.selenium.remote.RemoteWebDriver.execute(RemoteWebDriver.java:552)
at org.openqa.selenium.remote.RemoteWebDriver.findElement(RemoteWebDriver.java:323)
at org.openqa.selenium.remote.RemoteWebDriver.findElementByName(RemoteWebDriver.java:404)
at org.openqa.selenium.By$ByName.findElement(By.java:284)
at org.openqa.selenium.remote.RemoteWebDriver.findElement(RemoteWebDriver.java:315)
at com.orangeHrm.qa.page.LoginPage.enterUserName(LoginPage.java:25)
at com.orangeHrm.qa.page.LoginPage.loginActions(LoginPage.java:39)
at com.orangehrm.qa.tests.Test_My_Info_Page.testEmpId(Test_My_Info_Page.java:81)
at sun.reflect.NativeMethodAccessorImpl.invoke0(Native Method)
at sun.reflect.NativeMethodAccessorImpl.invoke(NativeMethodAccessorImpl.java:62)
at sun.reflect.DelegatingMethodAccessorImpl.invoke(DelegatingMethodAccessorImpl.java:43)
at java.lang.reflect.Method.invoke(Method.java:498)
at org.testng.internal.MethodInvocationHelper.invokeMethod(MethodInvocationHelper.java:133)
at org.testng.internal.TestInvoker.invokeMethod(TestInvoker.java:584)
at org.testng.internal.TestInvoker.invokeTestMethod(TestInvoker.java:172)
at org.testng.internal.MethodRunner.runInSequence(MethodRunner.java:46)
at org.testng.internal.TestInvoker$MethodInvocationAgent.invoke(TestInvoker.java:804)
at org.testng.internal.TestInvoker.invokeTestMethods(TestInvoker.java:145)
at org.testng.internal.TestMethodWorker.invokeTestMethods(TestMethodWorker.java:146)
at org.testng.internal.TestMethodWorker.run(TestMethodWorker.java:128)
at java.util.concurrent.ThreadPoolExecutor.runWorker(ThreadPoolExecutor.java:1149)
at java.util.concurrent.ThreadPoolExecutor$Worker.run(ThreadPoolExecutor.java:624)
at java.lang.Thread.run(Thread.java:750)
]]>
            </full-stacktrace>
          </exception> <!-- org.openqa.selenium.NoSuchElementException -->
          <reporter-output>
          </reporter-output>
        </test-method> <!-- testEmpId -->
        <test-method status="PASS" signature="afterMethod(org.testng.ITestResult)[pri:0, instance:com.orangehrm.qa.tests.Test_My_Info_Page@69b0fd6f]" name="afterMethod" is-config="true" duration-ms="856" started-at="2022-09-09T00:06:28 IST" finished-at="2022-09-09T00:06:29 IST">
          <params>
            <param index="0">
              <value>
                <![CDATA[[TestResult name=testLastName status=FAILURE method=Test_My_Info_Page.testLastName([Ljava.lang.String;)[pri:0, instance:com.orangehrm.qa.tests.Test_My_Info_Page@69b0fd6f] output={null}]]]>
              </value>
            </param>
          </params>
          <reporter-output>
          </reporter-output>
        </test-method> <!-- afterMethod -->
        <test-method status="PASS" signature="beforeMethod()[pri:0, instance:com.orangehrm.qa.tests.Test_My_Info_Page@69b0fd6f]" name="beforeMethod" is-config="true" duration-ms="13091" started-at="2022-09-09T00:06:29 IST" finished-at="2022-09-09T00:06:42 IST">
          <reporter-output>
          </reporter-output>
        </test-method> <!-- beforeMethod -->
        <test-method status="PASS" signature="afterMethod(org.testng.ITestResult)[pri:0, instance:com.orangehrm.qa.tests.Test_My_Info_Page@69b0fd6f]" name="afterMethod" is-config="true" duration-ms="866" started-at="2022-09-09T00:06:32 IST" finished-at="2022-09-09T00:06:33 IST">
          <params>
            <param index="0">
              <value>
                <![CDATA[[TestResult name=testEmpId status=FAILURE method=Test_My_Info_Page.testEmpId()[pri:0, instance:com.orangehrm.qa.tests.Test_My_Info_Page@69b0fd6f] output={null}]]]>
              </value>
            </param>
          </params>
          <reporter-output>
          </reporter-output>
        </test-method> <!-- afterMethod -->
        <test-method status="PASS" signature="beforeMethod()[pri:0, instance:com.orangehrm.qa.tests.Test_My_Info_Page@69b0fd6f]" name="beforeMethod" is-config="true" duration-ms="13777" started-at="2022-09-09T00:06:33 IST" finished-at="2022-09-09T00:06:46 IST">
          <reporter-output>
          </reporter-output>
        </test-method> <!-- beforeMethod -->
        <test-method status="FAIL" signature="testLastName([Ljava.lang.String;)[pri:0, instance:com.orangehrm.qa.tests.Test_My_Info_Page@69b0fd6f]" name="testLastName" duration-ms="6059" started-at="2022-09-09T00:06:42 IST" data-provider="dp3" finished-at="2022-09-09T00:06:48 IST">
          <params>
            <param index="0">
              <value>
                <![CDATA[[Ljava.lang.String;@de589b2]]>
              </value>
            </param>
          </params>
          <exception class="org.openqa.selenium.StaleElementReferenceException">
            <message>
              <![CDATA[stale element reference: element is not attached to the page document
  (Session info: chrome=105.0.5195.102)
For documentation on this error, please visit: https://www.seleniumhq.org/exceptions/stale_element_reference.html
Build info: version: '3.141.59', revision: 'e82be7d358', time: '2018-11-14T08:17:03'
System info: host: 'LAPTOP-7DB4GVKK', ip: '192.168.7.201', os.name: 'Windows 10', os.arch: 'amd64', os.version: '10.0', java.version: '1.8.0_321'
Driver info: org.openqa.selenium.chrome.ChromeDriver
Capabilities {acceptInsecureCerts: false, browserName: chrome, browserVersion: 105.0.5195.102, chrome: {chromedriverVersion: 105.0.5195.52 (412c95e51883..., userDataDir: C:\Users\bhalerao\AppData\L...}, goog:chromeOptions: {debuggerAddress: localhost:57649}, javascriptEnabled: true, networkConnectionEnabled: false, pageLoadStrategy: normal, platform: WINDOWS, platformName: WINDOWS, proxy: Proxy(), setWindowRect: true, strictFileInteractability: false, timeouts: {implicit: 0, pageLoad: 300000, script: 30000}, unhandledPromptBehavior: dismiss and notify, webauthn:extension:credBlob: true, webauthn:extension:largeBlob: true, webauthn:virtualAuthenticators: true}
Session ID: fad9fdf23dc82400e32e522793ca8cf3]]>
            </message>
            <full-stacktrace>
              <![CDATA[org.openqa.selenium.StaleElementReferenceException: stale element reference: element is not attached to the page document
  (Session info: chrome=105.0.5195.102)
For documentation on this error, please visit: https://www.seleniumhq.org/exceptions/stale_element_reference.html
Build info: version: '3.141.59', revision: 'e82be7d358', time: '2018-11-14T08:17:03'
System info: host: 'LAPTOP-7DB4GVKK', ip: '192.168.7.201', os.name: 'Windows 10', os.arch: 'amd64', os.version: '10.0', java.version: '1.8.0_321'
Driver info: org.openqa.selenium.chrome.ChromeDriver
Capabilities {acceptInsecureCerts: false, browserName: chrome, browserVersion: 105.0.5195.102, chrome: {chromedriverVersion: 105.0.5195.52 (412c95e51883..., userDataDir: C:\Users\bhalerao\AppData\L...}, goog:chromeOptions: {debuggerAddress: localhost:57649}, javascriptEnabled: true, networkConnectionEnabled: false, pageLoadStrategy: normal, platform: WINDOWS, platformName: WINDOWS, proxy: Proxy(), setWindowRect: true, strictFileInteractability: false, timeouts: {implicit: 0, pageLoad: 300000, script: 30000}, unhandledPromptBehavior: dismiss and notify, webauthn:extension:credBlob: true, webauthn:extension:largeBlob: true, webauthn:virtualAuthenticators: true}
Session ID: fad9fdf23dc82400e32e522793ca8cf3
at sun.reflect.NativeConstructorAccessorImpl.newInstance0(Native Method)
at sun.reflect.NativeConstructorAccessorImpl.newInstance(NativeConstructorAccessorImpl.java:62)
at sun.reflect.DelegatingConstructorAccessorImpl.newInstance(DelegatingConstructorAccessorImpl.java:45)
at java.lang.reflect.Constructor.newInstance(Constructor.java:423)
at org.openqa.selenium.remote.http.W3CHttpResponseCodec.createException(W3CHttpResponseCodec.java:187)
at org.openqa.selenium.remote.http.W3CHttpResponseCodec.decode(W3CHttpResponseCodec.java:122)
at org.openqa.selenium.remote.http.W3CHttpResponseCodec.decode(W3CHttpResponseCodec.java:49)
at org.openqa.selenium.remote.HttpCommandExecutor.execute(HttpCommandExecutor.java:158)
at org.openqa.selenium.remote.service.DriverCommandExecutor.execute(DriverCommandExecutor.java:83)
at org.openqa.selenium.remote.RemoteWebDriver.execute(RemoteWebDriver.java:552)
at org.openqa.selenium.remote.RemoteWebElement.execute(RemoteWebElement.java:285)
at org.openqa.selenium.remote.RemoteWebElement.click(RemoteWebElement.java:84)
at com.orangeHrm.qa.page.HomePage.check_My_Info(HomePage.java:66)
at com.orangehrm.qa.tests.Test_My_Info_Page.testLastName(Test_My_Info_Page.java:57)
at sun.reflect.NativeMethodAccessorImpl.invoke0(Native Method)
at sun.reflect.NativeMethodAccessorImpl.invoke(NativeMethodAccessorImpl.java:62)
at sun.reflect.DelegatingMethodAccessorImpl.invoke(DelegatingMethodAccessorImpl.java:43)
at java.lang.reflect.Method.invoke(Method.java:498)
at org.testng.internal.MethodInvocationHelper.invokeMethod(MethodInvocationHelper.java:133)
at org.testng.internal.TestInvoker.invokeMethod(TestInvoker.java:584)
at org.testng.internal.TestInvoker.invokeTestMethod(TestInvoker.java:172)
at org.testng.internal.MethodRunner.runInSequence(MethodRunner.java:46)
at org.testng.internal.TestInvoker$MethodInvocationAgent.invoke(TestInvoker.java:804)
at org.testng.internal.TestInvoker.invokeTestMethods(TestInvoker.java:145)
at org.testng.internal.TestMethodWorker.invokeTestMethods(TestMethodWorker.java:146)
at org.testng.internal.TestMethodWorker.run(TestMethodWorker.java:128)
at java.util.concurrent.ThreadPoolExecutor.runWorker(ThreadPoolExecutor.java:1149)
at java.util.concurrent.ThreadPoolExecutor$Worker.run(ThreadPoolExecutor.java:624)
at java.lang.Thread.run(Thread.java:750)
]]>
            </full-stacktrace>
          </exception> <!-- org.openqa.selenium.StaleElementReferenceException -->
          <reporter-output>
          </reporter-output>
        </test-method> <!-- testLastName -->
        <test-method status="FAIL" signature="testLiscenceNo()[pri:0, instance:com.orangehrm.qa.tests.Test_My_Info_Page@69b0fd6f]" name="testLiscenceNo" duration-ms="5371" started-at="2022-09-09T00:06:46 IST" finished-at="2022-09-09T00:06:52 IST">
          <exception class="org.openqa.selenium.NoSuchElementException">
            <message>
              <![CDATA[no such element: Unable to locate element: {"method":"css selector","selector":"*[name='username']"}
  (Session info: chrome=105.0.5195.102)
For documentation on this error, please visit: https://www.seleniumhq.org/exceptions/no_such_element.html
Build info: version: '3.141.59', revision: 'e82be7d358', time: '2018-11-14T08:17:03'
System info: host: 'LAPTOP-7DB4GVKK', ip: '192.168.7.201', os.name: 'Windows 10', os.arch: 'amd64', os.version: '10.0', java.version: '1.8.0_321'
Driver info: org.openqa.selenium.chrome.ChromeDriver
Capabilities {acceptInsecureCerts: false, browserName: chrome, browserVersion: 105.0.5195.102, chrome: {chromedriverVersion: 105.0.5195.52 (412c95e51883..., userDataDir: C:\Users\bhalerao\AppData\L...}, goog:chromeOptions: {debuggerAddress: localhost:57649}, javascriptEnabled: true, networkConnectionEnabled: false, pageLoadStrategy: normal, platform: WINDOWS, platformName: WINDOWS, proxy: Proxy(), setWindowRect: true, strictFileInteractability: false, timeouts: {implicit: 0, pageLoad: 300000, script: 30000}, unhandledPromptBehavior: dismiss and notify, webauthn:extension:credBlob: true, webauthn:extension:largeBlob: true, webauthn:virtualAuthenticators: true}
Session ID: fad9fdf23dc82400e32e522793ca8cf3
*** Element info: {Using=name, value=username}]]>
            </message>
            <full-stacktrace>
              <![CDATA[org.openqa.selenium.NoSuchElementException: no such element: Unable to locate element: {"method":"css selector","selector":"*[name='username']"}
  (Session info: chrome=105.0.5195.102)
For documentation on this error, please visit: https://www.seleniumhq.org/exceptions/no_such_element.html
Build info: version: '3.141.59', revision: 'e82be7d358', time: '2018-11-14T08:17:03'
System info: host: 'LAPTOP-7DB4GVKK', ip: '192.168.7.201', os.name: 'Windows 10', os.arch: 'amd64', os.version: '10.0', java.version: '1.8.0_321'
Driver info: org.openqa.selenium.chrome.ChromeDriver
Capabilities {acceptInsecureCerts: false, browserName: chrome, browserVersion: 105.0.5195.102, chrome: {chromedriverVersion: 105.0.5195.52 (412c95e51883..., userDataDir: C:\Users\bhalerao\AppData\L...}, goog:chromeOptions: {debuggerAddress: localhost:57649}, javascriptEnabled: true, networkConnectionEnabled: false, pageLoadStrategy: normal, platform: WINDOWS, platformName: WINDOWS, proxy: Proxy(), setWindowRect: true, strictFileInteractability: false, timeouts: {implicit: 0, pageLoad: 300000, script: 30000}, unhandledPromptBehavior: dismiss and notify, webauthn:extension:credBlob: true, webauthn:extension:largeBlob: true, webauthn:virtualAuthenticators: true}
Session ID: fad9fdf23dc82400e32e522793ca8cf3
*** Element info: {Using=name, value=username}
at sun.reflect.NativeConstructorAccessorImpl.newInstance0(Native Method)
at sun.reflect.NativeConstructorAccessorImpl.newInstance(NativeConstructorAccessorImpl.java:62)
at sun.reflect.DelegatingConstructorAccessorImpl.newInstance(DelegatingConstructorAccessorImpl.java:45)
at java.lang.reflect.Constructor.newInstance(Constructor.java:423)
at org.openqa.selenium.remote.http.W3CHttpResponseCodec.createException(W3CHttpResponseCodec.java:187)
at org.openqa.selenium.remote.http.W3CHttpResponseCodec.decode(W3CHttpResponseCodec.java:122)
at org.openqa.selenium.remote.http.W3CHttpResponseCodec.decode(W3CHttpResponseCodec.java:49)
at org.openqa.selenium.remote.HttpCommandExecutor.execute(HttpCommandExecutor.java:158)
at org.openqa.selenium.remote.service.DriverCommandExecutor.execute(DriverCommandExecutor.java:83)
at org.openqa.selenium.remote.RemoteWebDriver.execute(RemoteWebDriver.java:552)
at org.openqa.selenium.remote.RemoteWebDriver.findElement(RemoteWebDriver.java:323)
at org.openqa.selenium.remote.RemoteWebDriver.findElementByName(RemoteWebDriver.java:404)
at org.openqa.selenium.By$ByName.findElement(By.java:284)
at org.openqa.selenium.remote.RemoteWebDriver.findElement(RemoteWebDriver.java:315)
at com.orangeHrm.qa.page.LoginPage.enterUserName(LoginPage.java:25)
at com.orangeHrm.qa.page.LoginPage.loginActions(LoginPage.java:39)
at com.orangehrm.qa.tests.Test_My_Info_Page.testLiscenceNo(Test_My_Info_Page.java:97)
at sun.reflect.NativeMethodAccessorImpl.invoke0(Native Method)
at sun.reflect.NativeMethodAccessorImpl.invoke(NativeMethodAccessorImpl.java:62)
at sun.reflect.DelegatingMethodAccessorImpl.invoke(DelegatingMethodAccessorImpl.java:43)
at java.lang.reflect.Method.invoke(Method.java:498)
at org.testng.internal.MethodInvocationHelper.invokeMethod(MethodInvocationHelper.java:133)
at org.testng.internal.TestInvoker.invokeMethod(TestInvoker.java:584)
at org.testng.internal.TestInvoker.invokeTestMethod(TestInvoker.java:172)
at org.testng.internal.MethodRunner.runInSequence(MethodRunner.java:46)
at org.testng.internal.TestInvoker$MethodInvocationAgent.invoke(TestInvoker.java:804)
at org.testng.internal.TestInvoker.invokeTestMethods(TestInvoker.java:145)
at org.testng.internal.TestMethodWorker.invokeTestMethods(TestMethodWorker.java:146)
at org.testng.internal.TestMethodWorker.run(TestMethodWorker.java:128)
at java.util.concurrent.ThreadPoolExecutor.runWorker(ThreadPoolExecutor.java:1149)
at java.util.concurrent.ThreadPoolExecutor$Worker.run(ThreadPoolExecutor.java:624)
at java.lang.Thread.run(Thread.java:750)
]]>
            </full-stacktrace>
          </exception> <!-- org.openqa.selenium.NoSuchElementException -->
          <reporter-output>
          </reporter-output>
        </test-method> <!-- testLiscenceNo -->
        <test-method status="PASS" signature="afterMethod(org.testng.ITestResult)[pri:0, instance:com.orangehrm.qa.tests.Test_My_Info_Page@69b0fd6f]" name="afterMethod" is-config="true" duration-ms="843" started-at="2022-09-09T00:06:48 IST" finished-at="2022-09-09T00:06:49 IST">
          <params>
            <param index="0">
              <value>
                <![CDATA[[TestResult name=testLastName status=FAILURE method=Test_My_Info_Page.testLastName([Ljava.lang.String;)[pri:0, instance:com.orangehrm.qa.tests.Test_My_Info_Page@69b0fd6f] output={null}]]]>
              </value>
            </param>
          </params>
          <reporter-output>
          </reporter-output>
        </test-method> <!-- afterMethod -->
        <test-method status="PASS" signature="beforeMethod()[pri:0, instance:com.orangehrm.qa.tests.Test_My_Info_Page@69b0fd6f]" name="beforeMethod" is-config="true" duration-ms="11980" started-at="2022-09-09T00:06:49 IST" finished-at="2022-09-09T00:07:01 IST">
          <reporter-output>
          </reporter-output>
        </test-method> <!-- beforeMethod -->
        <test-method status="PASS" signature="afterMethod(org.testng.ITestResult)[pri:0, instance:com.orangehrm.qa.tests.Test_My_Info_Page@69b0fd6f]" name="afterMethod" is-config="true" duration-ms="864" started-at="2022-09-09T00:06:52 IST" finished-at="2022-09-09T00:06:53 IST">
          <params>
            <param index="0">
              <value>
                <![CDATA[[TestResult name=testLiscenceNo status=FAILURE method=Test_My_Info_Page.testLiscenceNo()[pri:0, instance:com.orangehrm.qa.tests.Test_My_Info_Page@69b0fd6f] output={null}]]]>
              </value>
            </param>
          </params>
          <reporter-output>
          </reporter-output>
        </test-method> <!-- afterMethod -->
        <test-method status="PASS" signature="beforeMethod()[pri:0, instance:com.orangehrm.qa.tests.Test_My_Info_Page@69b0fd6f]" name="beforeMethod" is-config="true" duration-ms="14184" started-at="2022-09-09T00:06:53 IST" finished-at="2022-09-09T00:07:07 IST">
          <reporter-output>
          </reporter-output>
        </test-method> <!-- beforeMethod -->
        <test-method status="FAIL" signature="testLastName([Ljava.lang.String;)[pri:0, instance:com.orangehrm.qa.tests.Test_My_Info_Page@69b0fd6f]" name="testLastName" duration-ms="4558" started-at="2022-09-09T00:07:01 IST" data-provider="dp3" finished-at="2022-09-09T00:07:05 IST">
          <params>
            <param index="0">
              <value>
                <![CDATA[[Ljava.lang.String;@380391e9]]>
              </value>
            </param>
          </params>
          <exception class="java.lang.AssertionError">
            <message>
              <![CDATA[expected [Bhalerao] but found [Jamge]]]>
            </message>
            <full-stacktrace>
              <![CDATA[java.lang.AssertionError: expected [Bhalerao] but found [Jamge]
at org.testng.Assert.fail(Assert.java:97)
at org.testng.Assert.assertEqualsImpl(Assert.java:136)
at org.testng.Assert.assertEquals(Assert.java:118)
at org.testng.Assert.assertEquals(Assert.java:575)
at org.testng.Assert.assertEquals(Assert.java:585)
at com.orangehrm.qa.tests.Test_My_Info_Page.testLastName(Test_My_Info_Page.java:60)
at sun.reflect.NativeMethodAccessorImpl.invoke0(Native Method)
at sun.reflect.NativeMethodAccessorImpl.invoke(NativeMethodAccessorImpl.java:62)
at sun.reflect.DelegatingMethodAccessorImpl.invoke(DelegatingMethodAccessorImpl.java:43)
at java.lang.reflect.Method.invoke(Method.java:498)
at org.testng.internal.MethodInvocationHelper.invokeMethod(MethodInvocationHelper.java:133)
at org.testng.internal.TestInvoker.invokeMethod(TestInvoker.java:584)
at org.testng.internal.TestInvoker.invokeTestMethod(TestInvoker.java:172)
at org.testng.internal.MethodRunner.runInSequence(MethodRunner.java:46)
at org.testng.internal.TestInvoker$MethodInvocationAgent.invoke(TestInvoker.java:804)
at org.testng.internal.TestInvoker.invokeTestMethods(TestInvoker.java:145)
at org.testng.internal.TestMethodWorker.invokeTestMethods(TestMethodWorker.java:146)
at org.testng.internal.TestMethodWorker.run(TestMethodWorker.java:128)
at java.util.concurrent.ThreadPoolExecutor.runWorker(ThreadPoolExecutor.java:1149)
at java.util.concurrent.ThreadPoolExecutor$Worker.run(ThreadPoolExecutor.java:624)
at java.lang.Thread.run(Thread.java:750)
]]>
            </full-stacktrace>
          </exception> <!-- java.lang.AssertionError -->
          <reporter-output>
          </reporter-output>
        </test-method> <!-- testLastName -->
        <test-method status="PASS" signature="afterMethod(org.testng.ITestResult)[pri:0, instance:com.orangehrm.qa.tests.Test_My_Info_Page@69b0fd6f]" name="afterMethod" is-config="true" duration-ms="943" started-at="2022-09-09T00:07:05 IST" finished-at="2022-09-09T00:07:06 IST">
          <params>
            <param index="0">
              <value>
                <![CDATA[[TestResult name=testLastName status=FAILURE method=Test_My_Info_Page.testLastName([Ljava.lang.String;)[pri:0, instance:com.orangehrm.qa.tests.Test_My_Info_Page@69b0fd6f] output={null}]]]>
              </value>
            </param>
          </params>
          <reporter-output>
          </reporter-output>
        </test-method> <!-- afterMethod -->
        <test-method status="PASS" signature="beforeMethod()[pri:0, instance:com.orangehrm.qa.tests.Test_My_Info_Page@69b0fd6f]" name="beforeMethod" is-config="true" duration-ms="16141" started-at="2022-09-09T00:07:06 IST" finished-at="2022-09-09T00:07:22 IST">
          <reporter-output>
          </reporter-output>
        </test-method> <!-- beforeMethod -->
        <test-method status="PASS" signature="testMiddleName([Ljava.lang.String;)[pri:0, instance:com.orangehrm.qa.tests.Test_My_Info_Page@69b0fd6f]" name="testMiddleName" duration-ms="6143" started-at="2022-09-09T00:07:07 IST" data-provider="dp2" finished-at="2022-09-09T00:07:13 IST">
          <params>
            <param index="0">
              <value>
                <![CDATA[[Ljava.lang.String;@13397fb9]]>
              </value>
            </param>
          </params>
          <reporter-output>
          </reporter-output>
        </test-method> <!-- testMiddleName -->
        <test-method status="PASS" signature="afterMethod(org.testng.ITestResult)[pri:0, instance:com.orangehrm.qa.tests.Test_My_Info_Page@69b0fd6f]" name="afterMethod" is-config="true" duration-ms="661" started-at="2022-09-09T00:07:13 IST" finished-at="2022-09-09T00:07:14 IST">
          <params>
            <param index="0">
              <value>
                <![CDATA[[TestResult name=testMiddleName status=SUCCESS method=Test_My_Info_Page.testMiddleName([Ljava.lang.String;)[pri:0, instance:com.orangehrm.qa.tests.Test_My_Info_Page@69b0fd6f] output={null}]]]>
              </value>
            </param>
          </params>
          <reporter-output>
          </reporter-output>
        </test-method> <!-- afterMethod -->
        <test-method status="PASS" signature="beforeMethod()[pri:0, instance:com.orangehrm.qa.tests.Test_My_Info_Page@69b0fd6f]" name="beforeMethod" is-config="true" duration-ms="18178" started-at="2022-09-09T00:07:14 IST" finished-at="2022-09-09T00:07:32 IST">
          <reporter-output>
          </reporter-output>
        </test-method> <!-- beforeMethod -->
        <test-method status="FAIL" signature="testLastName([Ljava.lang.String;)[pri:0, instance:com.orangehrm.qa.tests.Test_My_Info_Page@69b0fd6f]" name="testLastName" duration-ms="4567" started-at="2022-09-09T00:07:22 IST" data-provider="dp3" finished-at="2022-09-09T00:07:27 IST">
          <params>
            <param index="0">
              <value>
                <![CDATA[[Ljava.lang.String;@42c2e3ea]]>
              </value>
            </param>
          </params>
          <exception class="java.lang.AssertionError">
            <message>
              <![CDATA[expected [Bhalerao] but found [Kamble]]]>
            </message>
            <full-stacktrace>
              <![CDATA[java.lang.AssertionError: expected [Bhalerao] but found [Kamble]
at org.testng.Assert.fail(Assert.java:97)
at org.testng.Assert.assertEqualsImpl(Assert.java:136)
at org.testng.Assert.assertEquals(Assert.java:118)
at org.testng.Assert.assertEquals(Assert.java:575)
at org.testng.Assert.assertEquals(Assert.java:585)
at com.orangehrm.qa.tests.Test_My_Info_Page.testLastName(Test_My_Info_Page.java:60)
at sun.reflect.NativeMethodAccessorImpl.invoke0(Native Method)
at sun.reflect.NativeMethodAccessorImpl.invoke(NativeMethodAccessorImpl.java:62)
at sun.reflect.DelegatingMethodAccessorImpl.invoke(DelegatingMethodAccessorImpl.java:43)
at java.lang.reflect.Method.invoke(Method.java:498)
at org.testng.internal.MethodInvocationHelper.invokeMethod(MethodInvocationHelper.java:133)
at org.testng.internal.TestInvoker.invokeMethod(TestInvoker.java:584)
at org.testng.internal.TestInvoker.invokeTestMethod(TestInvoker.java:172)
at org.testng.internal.MethodRunner.runInSequence(MethodRunner.java:46)
at org.testng.internal.TestInvoker$MethodInvocationAgent.invoke(TestInvoker.java:804)
at org.testng.internal.TestInvoker.invokeTestMethods(TestInvoker.java:145)
at org.testng.internal.TestMethodWorker.invokeTestMethods(TestMethodWorker.java:146)
at org.testng.internal.TestMethodWorker.run(TestMethodWorker.java:128)
at java.util.concurrent.ThreadPoolExecutor.runWorker(ThreadPoolExecutor.java:1149)
at java.util.concurrent.ThreadPoolExecutor$Worker.run(ThreadPoolExecutor.java:624)
at java.lang.Thread.run(Thread.java:750)
]]>
            </full-stacktrace>
          </exception> <!-- java.lang.AssertionError -->
          <reporter-output>
          </reporter-output>
        </test-method> <!-- testLastName -->
        <test-method status="PASS" signature="afterMethod(org.testng.ITestResult)[pri:0, instance:com.orangehrm.qa.tests.Test_My_Info_Page@69b0fd6f]" name="afterMethod" is-config="true" duration-ms="878" started-at="2022-09-09T00:07:27 IST" finished-at="2022-09-09T00:07:28 IST">
          <params>
            <param index="0">
              <value>
                <![CDATA[[TestResult name=testLastName status=FAILURE method=Test_My_Info_Page.testLastName([Ljava.lang.String;)[pri:0, instance:com.orangehrm.qa.tests.Test_My_Info_Page@69b0fd6f] output={null}]]]>
              </value>
            </param>
          </params>
          <reporter-output>
          </reporter-output>
        </test-method> <!-- afterMethod -->
        <test-method status="PASS" signature="beforeMethod()[pri:0, instance:com.orangehrm.qa.tests.Test_My_Info_Page@69b0fd6f]" name="beforeMethod" is-config="true" duration-ms="12320" started-at="2022-09-09T00:07:28 IST" finished-at="2022-09-09T00:07:40 IST">
          <reporter-output>
          </reporter-output>
        </test-method> <!-- beforeMethod -->
        <test-method status="FAIL" signature="testMiddleName([Ljava.lang.String;)[pri:0, instance:com.orangehrm.qa.tests.Test_My_Info_Page@69b0fd6f]" name="testMiddleName" duration-ms="4904" started-at="2022-09-09T00:07:32 IST" data-provider="dp2" finished-at="2022-09-09T00:07:37 IST">
          <params>
            <param index="0">
              <value>
                <![CDATA[[Ljava.lang.String;@cdafa75]]>
              </value>
            </param>
          </params>
          <exception class="java.lang.AssertionError">
            <message>
              <![CDATA[expected [Digamber] but found [Gangadhar]]]>
            </message>
            <full-stacktrace>
              <![CDATA[java.lang.AssertionError: expected [Digamber] but found [Gangadhar]
at org.testng.Assert.fail(Assert.java:97)
at org.testng.Assert.assertEqualsImpl(Assert.java:136)
at org.testng.Assert.assertEquals(Assert.java:118)
at org.testng.Assert.assertEquals(Assert.java:575)
at org.testng.Assert.assertEquals(Assert.java:585)
at com.orangehrm.qa.tests.Test_My_Info_Page.testMiddleName(Test_My_Info_Page.java:43)
at sun.reflect.NativeMethodAccessorImpl.invoke0(Native Method)
at sun.reflect.NativeMethodAccessorImpl.invoke(NativeMethodAccessorImpl.java:62)
at sun.reflect.DelegatingMethodAccessorImpl.invoke(DelegatingMethodAccessorImpl.java:43)
at java.lang.reflect.Method.invoke(Method.java:498)
at org.testng.internal.MethodInvocationHelper.invokeMethod(MethodInvocationHelper.java:133)
at org.testng.internal.TestInvoker.invokeMethod(TestInvoker.java:584)
at org.testng.internal.TestInvoker.invokeTestMethod(TestInvoker.java:172)
at org.testng.internal.MethodRunner.runInSequence(MethodRunner.java:46)
at org.testng.internal.TestInvoker$MethodInvocationAgent.invoke(TestInvoker.java:804)
at org.testng.internal.TestInvoker.invokeTestMethods(TestInvoker.java:145)
at org.testng.internal.TestMethodWorker.invokeTestMethods(TestMethodWorker.java:146)
at org.testng.internal.TestMethodWorker.run(TestMethodWorker.java:128)
at java.util.concurrent.ThreadPoolExecutor.runWorker(ThreadPoolExecutor.java:1149)
at java.util.concurrent.ThreadPoolExecutor$Worker.run(ThreadPoolExecutor.java:624)
at java.lang.Thread.run(Thread.java:750)
]]>
            </full-stacktrace>
          </exception> <!-- java.lang.AssertionError -->
          <reporter-output>
          </reporter-output>
        </test-method> <!-- testMiddleName -->
        <test-method status="PASS" signature="afterMethod(org.testng.ITestResult)[pri:0, instance:com.orangehrm.qa.tests.Test_My_Info_Page@69b0fd6f]" name="afterMethod" is-config="true" duration-ms="940" started-at="2022-09-09T00:07:37 IST" finished-at="2022-09-09T00:07:38 IST">
          <params>
            <param index="0">
              <value>
                <![CDATA[[TestResult name=testMiddleName status=FAILURE method=Test_My_Info_Page.testMiddleName([Ljava.lang.String;)[pri:0, instance:com.orangehrm.qa.tests.Test_My_Info_Page@69b0fd6f] output={null}]]]>
              </value>
            </param>
          </params>
          <reporter-output>
          </reporter-output>
        </test-method> <!-- afterMethod -->
        <test-method status="PASS" signature="beforeMethod()[pri:0, instance:com.orangehrm.qa.tests.Test_My_Info_Page@69b0fd6f]" name="beforeMethod" is-config="true" duration-ms="12139" started-at="2022-09-09T00:07:38 IST" finished-at="2022-09-09T00:07:50 IST">
          <reporter-output>
          </reporter-output>
        </test-method> <!-- beforeMethod -->
        <test-method status="PASS" signature="testNickName()[pri:0, instance:com.orangehrm.qa.tests.Test_My_Info_Page@69b0fd6f]" name="testNickName" duration-ms="4789" started-at="2022-09-09T00:07:40 IST" finished-at="2022-09-09T00:07:45 IST">
          <reporter-output>
          </reporter-output>
        </test-method> <!-- testNickName -->
        <test-method status="PASS" signature="afterMethod(org.testng.ITestResult)[pri:0, instance:com.orangehrm.qa.tests.Test_My_Info_Page@69b0fd6f]" name="afterMethod" is-config="true" duration-ms="660" started-at="2022-09-09T00:07:45 IST" finished-at="2022-09-09T00:07:45 IST">
          <params>
            <param index="0">
              <value>
                <![CDATA[[TestResult name=testNickName status=SUCCESS method=Test_My_Info_Page.testNickName()[pri:0, instance:com.orangehrm.qa.tests.Test_My_Info_Page@69b0fd6f] output={null}]]]>
              </value>
            </param>
          </params>
          <reporter-output>
          </reporter-output>
        </test-method> <!-- afterMethod -->
        <test-method status="PASS" signature="beforeMethod()[pri:0, instance:com.orangehrm.qa.tests.Test_My_Info_Page@69b0fd6f]" name="beforeMethod" is-config="true" duration-ms="13255" started-at="2022-09-09T00:07:45 IST" finished-at="2022-09-09T00:07:59 IST">
          <reporter-output>
          </reporter-output>
        </test-method> <!-- beforeMethod -->
        <test-method status="FAIL" signature="testMiddleName([Ljava.lang.String;)[pri:0, instance:com.orangehrm.qa.tests.Test_My_Info_Page@69b0fd6f]" name="testMiddleName" duration-ms="4170" started-at="2022-09-09T00:07:50 IST" data-provider="dp2" finished-at="2022-09-09T00:07:54 IST">
          <params>
            <param index="0">
              <value>
                <![CDATA[[Ljava.lang.String;@91408d6]]>
              </value>
            </param>
          </params>
          <exception class="java.lang.AssertionError">
            <message>
              <![CDATA[expected [Digamber] but found [Prakash]]]>
            </message>
            <full-stacktrace>
              <![CDATA[java.lang.AssertionError: expected [Digamber] but found [Prakash]
at org.testng.Assert.fail(Assert.java:97)
at org.testng.Assert.assertEqualsImpl(Assert.java:136)
at org.testng.Assert.assertEquals(Assert.java:118)
at org.testng.Assert.assertEquals(Assert.java:575)
at org.testng.Assert.assertEquals(Assert.java:585)
at com.orangehrm.qa.tests.Test_My_Info_Page.testMiddleName(Test_My_Info_Page.java:43)
at sun.reflect.NativeMethodAccessorImpl.invoke0(Native Method)
at sun.reflect.NativeMethodAccessorImpl.invoke(NativeMethodAccessorImpl.java:62)
at sun.reflect.DelegatingMethodAccessorImpl.invoke(DelegatingMethodAccessorImpl.java:43)
at java.lang.reflect.Method.invoke(Method.java:498)
at org.testng.internal.MethodInvocationHelper.invokeMethod(MethodInvocationHelper.java:133)
at org.testng.internal.TestInvoker.invokeMethod(TestInvoker.java:584)
at org.testng.internal.TestInvoker.invokeTestMethod(TestInvoker.java:172)
at org.testng.internal.MethodRunner.runInSequence(MethodRunner.java:46)
at org.testng.internal.TestInvoker$MethodInvocationAgent.invoke(TestInvoker.java:804)
at org.testng.internal.TestInvoker.invokeTestMethods(TestInvoker.java:145)
at org.testng.internal.TestMethodWorker.invokeTestMethods(TestMethodWorker.java:146)
at org.testng.internal.TestMethodWorker.run(TestMethodWorker.java:128)
at java.util.concurrent.ThreadPoolExecutor.runWorker(ThreadPoolExecutor.java:1149)
at java.util.concurrent.ThreadPoolExecutor$Worker.run(ThreadPoolExecutor.java:624)
at java.lang.Thread.run(Thread.java:750)
]]>
            </full-stacktrace>
          </exception> <!-- java.lang.AssertionError -->
          <reporter-output>
          </reporter-output>
        </test-method> <!-- testMiddleName -->
        <test-method status="PASS" signature="afterMethod(org.testng.ITestResult)[pri:0, instance:com.orangehrm.qa.tests.Test_My_Info_Page@69b0fd6f]" name="afterMethod" is-config="true" duration-ms="882" started-at="2022-09-09T00:07:54 IST" finished-at="2022-09-09T00:07:55 IST">
          <params>
            <param index="0">
              <value>
                <![CDATA[[TestResult name=testMiddleName status=FAILURE method=Test_My_Info_Page.testMiddleName([Ljava.lang.String;)[pri:0, instance:com.orangehrm.qa.tests.Test_My_Info_Page@69b0fd6f] output={null}]]]>
              </value>
            </param>
          </params>
          <reporter-output>
          </reporter-output>
        </test-method> <!-- afterMethod -->
        <test-method status="PASS" signature="beforeMethod()[pri:0, instance:com.orangehrm.qa.tests.Test_My_Info_Page@69b0fd6f]" name="beforeMethod" is-config="true" duration-ms="11767" started-at="2022-09-09T00:07:55 IST" finished-at="2022-09-09T00:08:07 IST">
          <reporter-output>
          </reporter-output>
        </test-method> <!-- beforeMethod -->
        <test-method status="PASS" signature="testOtherId()[pri:0, instance:com.orangehrm.qa.tests.Test_My_Info_Page@69b0fd6f]" name="testOtherId" duration-ms="4252" started-at="2022-09-09T00:07:59 IST" finished-at="2022-09-09T00:08:03 IST">
          <reporter-output>
          </reporter-output>
        </test-method> <!-- testOtherId -->
        <test-method status="PASS" signature="afterMethod(org.testng.ITestResult)[pri:0, instance:com.orangehrm.qa.tests.Test_My_Info_Page@69b0fd6f]" name="afterMethod" is-config="true" duration-ms="662" started-at="2022-09-09T00:08:03 IST" finished-at="2022-09-09T00:08:04 IST">
          <params>
            <param index="0">
              <value>
                <![CDATA[[TestResult name=testOtherId status=SUCCESS method=Test_My_Info_Page.testOtherId()[pri:0, instance:com.orangehrm.qa.tests.Test_My_Info_Page@69b0fd6f] output={null}]]]>
              </value>
            </param>
          </params>
          <reporter-output>
          </reporter-output>
        </test-method> <!-- afterMethod -->
        <test-method status="PASS" signature="beforeMethod()[pri:0, instance:com.orangehrm.qa.tests.Test_My_Info_Page@69b0fd6f]" name="beforeMethod" is-config="true" duration-ms="11705" started-at="2022-09-09T00:08:04 IST" finished-at="2022-09-09T00:08:15 IST">
          <reporter-output>
          </reporter-output>
        </test-method> <!-- beforeMethod -->
        <test-method status="PASS" signature="testSinNo()[pri:0, instance:com.orangehrm.qa.tests.Test_My_Info_Page@69b0fd6f]" name="testSinNo" duration-ms="5536" started-at="2022-09-09T00:08:07 IST" finished-at="2022-09-09T00:08:12 IST">
          <reporter-output>
          </reporter-output>
        </test-method> <!-- testSinNo -->
        <test-method status="PASS" signature="afterMethod(org.testng.ITestResult)[pri:0, instance:com.orangehrm.qa.tests.Test_My_Info_Page@69b0fd6f]" name="afterMethod" is-config="true" duration-ms="658" started-at="2022-09-09T00:08:12 IST" finished-at="2022-09-09T00:08:13 IST">
          <params>
            <param index="0">
              <value>
                <![CDATA[[TestResult name=testSinNo status=SUCCESS method=Test_My_Info_Page.testSinNo()[pri:0, instance:com.orangehrm.qa.tests.Test_My_Info_Page@69b0fd6f] output={null}]]]>
              </value>
            </param>
          </params>
          <reporter-output>
          </reporter-output>
        </test-method> <!-- afterMethod -->
        <test-method status="PASS" signature="testSipNo()[pri:0, instance:com.orangehrm.qa.tests.Test_My_Info_Page@69b0fd6f]" name="testSipNo" duration-ms="4773" started-at="2022-09-09T00:08:15 IST" finished-at="2022-09-09T00:08:20 IST">
          <reporter-output>
          </reporter-output>
        </test-method> <!-- testSipNo -->
        <test-method status="PASS" signature="afterMethod(org.testng.ITestResult)[pri:0, instance:com.orangehrm.qa.tests.Test_My_Info_Page@69b0fd6f]" name="afterMethod" is-config="true" duration-ms="664" started-at="2022-09-09T00:08:20 IST" finished-at="2022-09-09T00:08:21 IST">
          <params>
            <param index="0">
              <value>
                <![CDATA[[TestResult name=testSipNo status=SUCCESS method=Test_My_Info_Page.testSipNo()[pri:0, instance:com.orangehrm.qa.tests.Test_My_Info_Page@69b0fd6f] output={null}]]]>
              </value>
            </param>
          </params>
          <reporter-output>
          </reporter-output>
        </test-method> <!-- afterMethod -->
      </class> <!-- com.orangehrm.qa.tests.Test_My_Info_Page -->
    </test> <!-- Test -->
  </suite> <!-- Suite -->
</testng-results>
